Using pre-set license
Built from '2020.3/staging' branch; Version is '2020.3.6f1 (338bb68529b2) revision 3378102'; Using compiler version '192528614'; Build Type 'Release'
OS: 'Windows 10 Home; OS build 19044.1826; Version 2009; 64bit' Language: 'en' Physical Memory: 16311 MB
BatchMode: 1, IsHumanControllingUs: 0, StartBugReporterOnCrash: 0, Is64bit: 1, IsPro: 0

 COMMAND LINE ARGUMENTS:
D:\monst\Program Files\Unity\Hub\Editor\2020.3.6f1\Editor\Unity.exe
-adb2
-batchMode
-noUpm
-name
AssetImportWorker0
-projectPath
C:/Users/monst/Developer/Unity/unity-experiment-framework
-logFile
Logs/AssetImportWorker0.log
-srvPort
54833
Successfully changed project path to: C:/Users/monst/Developer/Unity/unity-experiment-framework
C:/Users/monst/Developer/Unity/unity-experiment-framework
Using Asset Import Pipeline V2.
Refreshing native plugins compatible for Editor in 25.99 ms, found 0 plugins.
Preloading 0 native plugins for Editor in 0.00 ms.
Initialize engine version: 2020.3.6f1 (338bb68529b2)
[Subsystems] Discovering subsystems at path D:/monst/Program Files/Unity/Hub/Editor/2020.3.6f1/Editor/Data/Resources/UnitySubsystems
[Subsystems] Discovering subsystems at path C:/Users/monst/Developer/Unity/unity-experiment-framework/Assets
GfxDevice: creating device client; threaded=0
Direct3D:
    Version:  Direct3D 11.0 [level 11.1]
    Renderer: AMD Radeon RX 6800 (ID=0x73bf)
    Vendor:   
    VRAM:     16338 MB
    Driver:   30.0.21023.1015
Initialize mono
Mono path[0] = 'D:/monst/Program Files/Unity/Hub/Editor/2020.3.6f1/Editor/Data/Managed'
Mono path[1] = 'D:/monst/Program Files/Unity/Hub/Editor/2020.3.6f1/Editor/Data/MonoBleedingEdge/lib/mono/unityjit'
Mono config path = 'D:/monst/Program Files/Unity/Hub/Editor/2020.3.6f1/Editor/Data/MonoBleedingEdge/etc'
Using monoOptions --debugger-agent=transport=dt_socket,embedding=1,server=y,suspend=n,address=127.0.0.1:56504
Begin MonoManager ReloadAssembly
Registering precompiled unity dll's ...
Register platform support module: D:/monst/Program Files/Unity/Hub/Editor/2020.3.6f1/Editor/Data/PlaybackEngines/WebGLSupport/UnityEditor.WebGL.Extensions.dll
Register platform support module: D:/monst/Program Files/Unity/Hub/Editor/2020.3.6f1/Editor/Data/PlaybackEngines/WindowsStandaloneSupport/UnityEditor.WindowsStandalone.Extensions.dll
Registered in 0.001201 seconds.
Native extension for WindowsStandalone target not found
Native extension for WebGL target not found
Refreshing native plugins compatible for Editor in 23.95 ms, found 0 plugins.
Preloading 0 native plugins for Editor in 0.00 ms.
Mono: successfully reloaded assembly
- Completed reload, in  0.986 seconds
Platform modules already initialized, skipping
Registering precompiled user dll's ...
Registered in 0.001675 seconds.
Begin MonoManager ReloadAssembly
Native extension for WindowsStandalone target not found
Native extension for WebGL target not found
Refreshing native plugins compatible for Editor in 0.36 ms, found 0 plugins.
Preloading 0 native plugins for Editor in 0.00 ms.
Mono: successfully reloaded assembly
- Completed reload, in  0.709 seconds
Platform modules already initialized, skipping
========================================================================
Worker process is ready to serve import requests
Launched and connected shader compiler UnityShaderCompiler.exe after 0.09 seconds
Refreshing native plugins compatible for Editor in 0.63 ms, found 0 plugins.
Preloading 0 native plugins for Editor in 0.00 ms.
Unloading 1651 Unused Serialized files (Serialized files now loaded: 0)
System memory in use before: 74.6 MB.
System memory in use after: 74.7 MB.

Unloading 28 unused Assets to reduce memory usage. Loaded Objects now: 2084.
Total: 3.949000 ms (FindLiveObjects: 0.216200 ms CreateObjectMapping: 0.064700 ms MarkObjects: 3.608900 ms  DeleteObjects: 0.058100 ms)

========================================================================
Received Import Request.
  path: Assets/UXF/Scripts/Etc/Trial.cs
  artifactKey: Guid(b19b957c813fced40b72f6ec30365b9e) Importer(815301076,1909f56bfc062723c751e8b465ee728b)
Start importing Assets/UXF/Scripts/Etc/Trial.cs using Guid(b19b957c813fced40b72f6ec30365b9e) Importer(815301076,1909f56bfc062723c751e8b465ee728b)  -> (artifact id: '4f95146b28c6cb6273c2e678458d85aa') in 0.024899 seconds
  Import took 0.027167 seconds .

========================================================================
Received Import Request.
  Time since last request: 174.635894 seconds.
  path: Assets/UXF/Scripts/Etc/Trial.cs
  artifactKey: Guid(b19b957c813fced40b72f6ec30365b9e) Importer(815301076,1909f56bfc062723c751e8b465ee728b)
Start importing Assets/UXF/Scripts/Etc/Trial.cs using Guid(b19b957c813fced40b72f6ec30365b9e) Importer(815301076,1909f56bfc062723c751e8b465ee728b)  -> (artifact id: '90708863e866f3fedb84c36f3f9ee3e7') in 0.001954 seconds
  Import took 0.005130 seconds .

========================================================================
Received Prepare
Registering precompiled user dll's ...
Registered in 0.001141 seconds.
Begin MonoManager ReloadAssembly
Native extension for WindowsStandalone target not found
Native extension for WebGL target not found
Refreshing native plugins compatible for Editor in 0.34 ms, found 0 plugins.
Preloading 0 native plugins for Editor in 0.00 ms.
Mono: successfully reloaded assembly
- Completed reload, in  0.625 seconds
Platform modules already initialized, skipping
Refreshing native plugins compatible for Editor in 0.31 ms, found 0 plugins.
Preloading 0 native plugins for Editor in 0.00 ms.
Unloading 1632 Unused Serialized files (Serialized files now loaded: 0)
System memory in use before: 73.2 MB.
System memory in use after: 73.3 MB.

Unloading 19 unused Assets to reduce memory usage. Loaded Objects now: 2087.
Total: 3.850400 ms (FindLiveObjects: 0.192100 ms CreateObjectMapping: 0.051400 ms MarkObjects: 3.589400 ms  DeleteObjects: 0.016100 ms)

========================================================================
Received Prepare
Registering precompiled user dll's ...
Registered in 0.001135 seconds.
Begin MonoManager ReloadAssembly
Native extension for WindowsStandalone target not found
Native extension for WebGL target not found
Refreshing native plugins compatible for Editor in 0.34 ms, found 0 plugins.
Preloading 0 native plugins for Editor in 0.00 ms.
Mono: successfully reloaded assembly
- Completed reload, in  0.605 seconds
Platform modules already initialized, skipping
Refreshing native plugins compatible for Editor in 0.36 ms, found 0 plugins.
Preloading 0 native plugins for Editor in 0.00 ms.
Unloading 1632 Unused Serialized files (Serialized files now loaded: 0)
System memory in use before: 73.2 MB.
System memory in use after: 73.3 MB.

Unloading 19 unused Assets to reduce memory usage. Loaded Objects now: 2090.
Total: 4.460500 ms (FindLiveObjects: 0.184700 ms CreateObjectMapping: 0.045300 ms MarkObjects: 4.206600 ms  DeleteObjects: 0.022600 ms)

========================================================================
Received Prepare
Registering precompiled user dll's ...
Registered in 0.001104 seconds.
Begin MonoManager ReloadAssembly
Native extension for WindowsStandalone target not found
Native extension for WebGL target not found
Refreshing native plugins compatible for Editor in 0.53 ms, found 0 plugins.
Preloading 0 native plugins for Editor in 0.00 ms.
Mono: successfully reloaded assembly
- Completed reload, in  0.679 seconds
Platform modules already initialized, skipping
Refreshing native plugins compatible for Editor in 0.36 ms, found 0 plugins.
Preloading 0 native plugins for Editor in 0.00 ms.
Unloading 1632 Unused Serialized files (Serialized files now loaded: 0)
System memory in use before: 73.2 MB.
System memory in use after: 73.3 MB.

Unloading 19 unused Assets to reduce memory usage. Loaded Objects now: 2093.
Total: 3.897100 ms (FindLiveObjects: 0.177500 ms CreateObjectMapping: 0.032800 ms MarkObjects: 3.670500 ms  DeleteObjects: 0.015400 ms)

========================================================================
Received Import Request.
  Time since last request: 14193.720017 seconds.
  path: Assets/UPBS/Scripts
  artifactKey: Guid(41c0712245eba264cb86d983d1a70dae) Importer(815301076,1909f56bfc062723c751e8b465ee728b)
Start importing Assets/UPBS/Scripts using Guid(41c0712245eba264cb86d983d1a70dae) Importer(815301076,1909f56bfc062723c751e8b465ee728b)  -> (artifact id: 'c83b554a8a27a658ba8d18992573817e') in 0.057893 seconds
  Import took 0.093381 seconds .

========================================================================
Received Import Request.
  Time since last request: 5.859327 seconds.
  path: Assets/UPBS/Scripts/Playback Execution
  artifactKey: Guid(d18264d50e789a04aa7abd30776d1d07) Importer(815301076,1909f56bfc062723c751e8b465ee728b)
Start importing Assets/UPBS/Scripts/Playback Execution using Guid(d18264d50e789a04aa7abd30776d1d07) Importer(815301076,1909f56bfc062723c751e8b465ee728b)  -> (artifact id: '4a10db549b8c330e1e2ce3235eaee87d') in 0.005354 seconds
  Import took 0.007967 seconds .

========================================================================
Received Import Request.
  Time since last request: 7.319310 seconds.
  path: Assets/UPBS/Scripts/PlaybackData
  artifactKey: Guid(d832ff72d360cc54c8b6f1cc4cca223c) Importer(815301076,1909f56bfc062723c751e8b465ee728b)
Start importing Assets/UPBS/Scripts/PlaybackData using Guid(d832ff72d360cc54c8b6f1cc4cca223c) Importer(815301076,1909f56bfc062723c751e8b465ee728b)  -> (artifact id: 'e6aaf98c00b1b62797a432b4ff82ec58') in 0.005040 seconds
  Import took 0.007804 seconds .

========================================================================
Received Import Request.
  Time since last request: 1.890482 seconds.
  path: Assets/UPBS/Scripts/PlaybackData/Trackers
  artifactKey: Guid(e8db25707bf94db4ab7f1bd0f8dc2811) Importer(815301076,1909f56bfc062723c751e8b465ee728b)
Start importing Assets/UPBS/Scripts/PlaybackData/Trackers using Guid(e8db25707bf94db4ab7f1bd0f8dc2811) Importer(815301076,1909f56bfc062723c751e8b465ee728b)  -> (artifact id: '52480d8723be429ef60b691bcb943b9e') in 0.005651 seconds
  Import took 0.008204 seconds .

========================================================================
Received Import Request.
  Time since last request: 3.225001 seconds.
  path: Assets/UPBS/Scripts/PlaybackData/Trackers/UPBSTracker.cs
  artifactKey: Guid(5ec5e167637991a49a3c45dce0467ca2) Importer(815301076,1909f56bfc062723c751e8b465ee728b)
Start importing Assets/UPBS/Scripts/PlaybackData/Trackers/UPBSTracker.cs using Guid(5ec5e167637991a49a3c45dce0467ca2) Importer(815301076,1909f56bfc062723c751e8b465ee728b)  -> (artifact id: '23f7b3ec46e9c67cffd025d2e53c3251') in 0.005483 seconds
  Import took 0.007978 seconds .

========================================================================
Received Import Request.
  Time since last request: 0.000150 seconds.
  path: Assets/UPBS/Scripts/PlaybackData/Trackers/UPBSTracker.cs
  artifactKey: Guid(5ec5e167637991a49a3c45dce0467ca2) Importer(815301076,1909f56bfc062723c751e8b465ee728b)
Start importing Assets/UPBS/Scripts/PlaybackData/Trackers/UPBSTracker.cs using Guid(5ec5e167637991a49a3c45dce0467ca2) Importer(815301076,1909f56bfc062723c751e8b465ee728b)  -> (artifact id: '23f7b3ec46e9c67cffd025d2e53c3251') in 0.001648 seconds
  Import took 0.003354 seconds .

========================================================================
Received Prepare
Registering precompiled user dll's ...
Registered in 0.001239 seconds.
Begin MonoManager ReloadAssembly
Native extension for WindowsStandalone target not found
Native extension for WebGL target not found
Refreshing native plugins compatible for Editor in 0.37 ms, found 0 plugins.
Preloading 0 native plugins for Editor in 0.00 ms.
Mono: successfully reloaded assembly
- Completed reload, in  0.760 seconds
Platform modules already initialized, skipping
Refreshing native plugins compatible for Editor in 0.37 ms, found 0 plugins.
Preloading 0 native plugins for Editor in 0.00 ms.
Unloading 1632 Unused Serialized files (Serialized files now loaded: 0)
System memory in use before: 73.2 MB.
System memory in use after: 73.4 MB.

Unloading 19 unused Assets to reduce memory usage. Loaded Objects now: 2096.
Total: 3.913500 ms (FindLiveObjects: 0.196500 ms CreateObjectMapping: 0.046000 ms MarkObjects: 3.652100 ms  DeleteObjects: 0.018000 ms)

========================================================================
Received Prepare
Registering precompiled user dll's ...
Registered in 0.001683 seconds.
Begin MonoManager ReloadAssembly
Native extension for WindowsStandalone target not found
Native extension for WebGL target not found
Refreshing native plugins compatible for Editor in 0.36 ms, found 0 plugins.
Preloading 0 native plugins for Editor in 0.00 ms.
Mono: successfully reloaded assembly
- Completed reload, in  0.777 seconds
Platform modules already initialized, skipping
Refreshing native plugins compatible for Editor in 0.48 ms, found 0 plugins.
Preloading 0 native plugins for Editor in 0.00 ms.
Unloading 1632 Unused Serialized files (Serialized files now loaded: 0)
System memory in use before: 73.3 MB.
System memory in use after: 73.4 MB.

Unloading 19 unused Assets to reduce memory usage. Loaded Objects now: 2099.
Total: 3.976800 ms (FindLiveObjects: 0.171400 ms CreateObjectMapping: 0.049400 ms MarkObjects: 3.738700 ms  DeleteObjects: 0.016400 ms)

========================================================================
Received Import Request.
  Time since last request: 26200.299265 seconds.
  path: Assets/UPBS/Scripts/PlaybackData/Trackers/PBCameraTracker.cs
  artifactKey: Guid(d3a1fe5c95e6d974d94d79634bf0a19d) Importer(815301076,1909f56bfc062723c751e8b465ee728b)
Start importing Assets/UPBS/Scripts/PlaybackData/Trackers/PBCameraTracker.cs using Guid(d3a1fe5c95e6d974d94d79634bf0a19d) Importer(815301076,1909f56bfc062723c751e8b465ee728b)  -> (artifact id: 'e967e9f1ccd2b6c79a2ee8badc4e81ea') in 0.008813 seconds
  Import took 0.011455 seconds .

========================================================================
Received Prepare
Registering precompiled user dll's ...
Registered in 0.001639 seconds.
Begin MonoManager ReloadAssembly
Native extension for WindowsStandalone target not found
Native extension for WebGL target not found
Refreshing native plugins compatible for Editor in 0.34 ms, found 0 plugins.
Preloading 0 native plugins for Editor in 0.00 ms.
Mono: successfully reloaded assembly
- Completed reload, in  0.742 seconds
Platform modules already initialized, skipping
Refreshing native plugins compatible for Editor in 0.43 ms, found 0 plugins.
Preloading 0 native plugins for Editor in 0.00 ms.
Unloading 1633 Unused Serialized files (Serialized files now loaded: 0)
System memory in use before: 73.3 MB.
System memory in use after: 73.4 MB.

Unloading 19 unused Assets to reduce memory usage. Loaded Objects now: 2103.
Total: 4.536200 ms (FindLiveObjects: 0.209300 ms CreateObjectMapping: 0.050800 ms MarkObjects: 4.257300 ms  DeleteObjects: 0.018100 ms)

========================================================================
Received Prepare
Registering precompiled user dll's ...
Registered in 0.001788 seconds.
Begin MonoManager ReloadAssembly
Native extension for WindowsStandalone target not found
Native extension for WebGL target not found
Refreshing native plugins compatible for Editor in 0.42 ms, found 0 plugins.
Preloading 0 native plugins for Editor in 0.00 ms.
Mono: successfully reloaded assembly
- Completed reload, in  0.689 seconds
Platform modules already initialized, skipping
Refreshing native plugins compatible for Editor in 0.40 ms, found 0 plugins.
Preloading 0 native plugins for Editor in 0.00 ms.
Unloading 1633 Unused Serialized files (Serialized files now loaded: 0)
System memory in use before: 73.3 MB.
System memory in use after: 73.4 MB.

Unloading 19 unused Assets to reduce memory usage. Loaded Objects now: 2106.
Total: 4.804300 ms (FindLiveObjects: 0.285700 ms CreateObjectMapping: 0.070400 ms MarkObjects: 4.428300 ms  DeleteObjects: 0.019100 ms)

========================================================================
Received Import Request.
  Time since last request: 217.328668 seconds.
  path: Assets/UPBS/Scripts/PlaybackData/Trackers/PBCameraTracker.cs
  artifactKey: Guid(d3a1fe5c95e6d974d94d79634bf0a19d) Importer(815301076,1909f56bfc062723c751e8b465ee728b)
Start importing Assets/UPBS/Scripts/PlaybackData/Trackers/PBCameraTracker.cs using Guid(d3a1fe5c95e6d974d94d79634bf0a19d) Importer(815301076,1909f56bfc062723c751e8b465ee728b)  -> (artifact id: '4f53964da4d9b5b3908bf967ddf428fd') in 0.004078 seconds
  Import took 0.006319 seconds .

========================================================================
Received Prepare
Registering precompiled user dll's ...
Registered in 0.001589 seconds.
Begin MonoManager ReloadAssembly
Native extension for WindowsStandalone target not found
Native extension for WebGL target not found
Refreshing native plugins compatible for Editor in 0.37 ms, found 0 plugins.
Preloading 0 native plugins for Editor in 0.00 ms.
Mono: successfully reloaded assembly
- Completed reload, in  0.757 seconds
Platform modules already initialized, skipping
Refreshing native plugins compatible for Editor in 0.35 ms, found 0 plugins.
Preloading 0 native plugins for Editor in 0.00 ms.
Unloading 1633 Unused Serialized files (Serialized files now loaded: 0)
System memory in use before: 73.3 MB.
System memory in use after: 73.4 MB.

Unloading 19 unused Assets to reduce memory usage. Loaded Objects now: 2109.
Total: 4.433200 ms (FindLiveObjects: 0.200500 ms CreateObjectMapping: 0.046800 ms MarkObjects: 4.164800 ms  DeleteObjects: 0.020500 ms)

========================================================================
Received Prepare
Registering precompiled user dll's ...
Registered in 0.001174 seconds.
Begin MonoManager ReloadAssembly
Native extension for WindowsStandalone target not found
Native extension for WebGL target not found
Refreshing native plugins compatible for Editor in 0.35 ms, found 0 plugins.
Preloading 0 native plugins for Editor in 0.00 ms.
Mono: successfully reloaded assembly
- Completed reload, in  0.631 seconds
Platform modules already initialized, skipping
Refreshing native plugins compatible for Editor in 0.38 ms, found 0 plugins.
Preloading 0 native plugins for Editor in 0.00 ms.
Unloading 1633 Unused Serialized files (Serialized files now loaded: 0)
System memory in use before: 73.3 MB.
System memory in use after: 73.4 MB.

Unloading 19 unused Assets to reduce memory usage. Loaded Objects now: 2112.
Total: 3.857200 ms (FindLiveObjects: 0.184000 ms CreateObjectMapping: 0.047700 ms MarkObjects: 3.608000 ms  DeleteObjects: 0.016600 ms)

========================================================================
Received Prepare
Registering precompiled user dll's ...
Registered in 0.001573 seconds.
Begin MonoManager ReloadAssembly
Native extension for WindowsStandalone target not found
Native extension for WebGL target not found
Refreshing native plugins compatible for Editor in 0.38 ms, found 0 plugins.
Preloading 0 native plugins for Editor in 0.00 ms.
Mono: successfully reloaded assembly
- Completed reload, in  0.623 seconds
Platform modules already initialized, skipping
Refreshing native plugins compatible for Editor in 0.43 ms, found 0 plugins.
Preloading 0 native plugins for Editor in 0.00 ms.
Unloading 1633 Unused Serialized files (Serialized files now loaded: 0)
System memory in use before: 73.3 MB.
System memory in use after: 73.4 MB.

Unloading 19 unused Assets to reduce memory usage. Loaded Objects now: 2115.
Total: 4.000200 ms (FindLiveObjects: 0.199800 ms CreateObjectMapping: 0.048400 ms MarkObjects: 3.737100 ms  DeleteObjects: 0.014100 ms)

========================================================================
Received Import Request.
  Time since last request: 289.361733 seconds.
  path: Assets/UPBS/Scripts/PlaybackData/Trackers/PBCameraTracker.cs
  artifactKey: Guid(d3a1fe5c95e6d974d94d79634bf0a19d) Importer(815301076,1909f56bfc062723c751e8b465ee728b)
Start importing Assets/UPBS/Scripts/PlaybackData/Trackers/PBCameraTracker.cs using Guid(d3a1fe5c95e6d974d94d79634bf0a19d) Importer(815301076,1909f56bfc062723c751e8b465ee728b)  -> (artifact id: '037455852cb0fd7debab76ddb01e4c58') in 0.004200 seconds
  Import took 0.006670 seconds .

========================================================================
Received Import Request.
  Time since last request: 27367.884652 seconds.
  path: Assets/UPBS/Scripts/PlaybackData/Frame Data
  artifactKey: Guid(87f9d4350a2fecd45af2d29778278cd0) Importer(815301076,1909f56bfc062723c751e8b465ee728b)
Start importing Assets/UPBS/Scripts/PlaybackData/Frame Data using Guid(87f9d4350a2fecd45af2d29778278cd0) Importer(815301076,1909f56bfc062723c751e8b465ee728b)  -> (artifact id: '9affc8d66c7421faeba3039114f5dd5b') in 0.013045 seconds
  Import took 0.085700 seconds .

========================================================================
Received Import Request.
  Time since last request: 22.080593 seconds.
  path: Assets/UPBS/Scripts/PlaybackData/Frame Data/PBCameraFrameData.cs
  artifactKey: Guid(ba634a23dd36d434783fa81e8d73ae79) Importer(815301076,1909f56bfc062723c751e8b465ee728b)
Start importing Assets/UPBS/Scripts/PlaybackData/Frame Data/PBCameraFrameData.cs using Guid(ba634a23dd36d434783fa81e8d73ae79) Importer(815301076,1909f56bfc062723c751e8b465ee728b)  -> (artifact id: '9631c2266ab34cb39d399b9764191919') in 0.009308 seconds
  Import took 0.013922 seconds .

========================================================================
Received Import Request.
  Time since last request: 0.003036 seconds.
  path: Assets/UPBS/Scripts/PlaybackData/Frame Data/PBCameraFrameData.cs
  artifactKey: Guid(ba634a23dd36d434783fa81e8d73ae79) Importer(815301076,1909f56bfc062723c751e8b465ee728b)
Start importing Assets/UPBS/Scripts/PlaybackData/Frame Data/PBCameraFrameData.cs using Guid(ba634a23dd36d434783fa81e8d73ae79) Importer(815301076,1909f56bfc062723c751e8b465ee728b)  -> (artifact id: '9631c2266ab34cb39d399b9764191919') in 0.002654 seconds
  Import took 0.004961 seconds .

========================================================================
Received Prepare
Registering precompiled user dll's ...
Registered in 0.021737 seconds.
Begin MonoManager ReloadAssembly
Native extension for WindowsStandalone target not found
Native extension for WebGL target not found
Refreshing native plugins compatible for Editor in 0.53 ms, found 0 plugins.
Preloading 0 native plugins for Editor in 0.00 ms.
Mono: successfully reloaded assembly
- Completed reload, in  1.573 seconds
Platform modules already initialized, skipping
Refreshing native plugins compatible for Editor in 0.35 ms, found 0 plugins.
Preloading 0 native plugins for Editor in 0.00 ms.
Unloading 1634 Unused Serialized files (Serialized files now loaded: 0)
System memory in use before: 73.3 MB.
System memory in use after: 73.4 MB.

Unloading 19 unused Assets to reduce memory usage. Loaded Objects now: 2119.
Total: 4.756800 ms (FindLiveObjects: 0.216800 ms CreateObjectMapping: 0.038600 ms MarkObjects: 4.476000 ms  DeleteObjects: 0.024500 ms)

========================================================================
Received Prepare
Registering precompiled user dll's ...
Registered in 0.001350 seconds.
Begin MonoManager ReloadAssembly
Native extension for WindowsStandalone target not found
Native extension for WebGL target not found
Refreshing native plugins compatible for Editor in 0.38 ms, found 0 plugins.
Preloading 0 native plugins for Editor in 0.00 ms.
Mono: successfully reloaded assembly
- Completed reload, in  1.169 seconds
Platform modules already initialized, skipping
Refreshing native plugins compatible for Editor in 0.35 ms, found 0 plugins.
Preloading 0 native plugins for Editor in 0.00 ms.
Unloading 1634 Unused Serialized files (Serialized files now loaded: 0)
System memory in use before: 73.3 MB.
System memory in use after: 73.5 MB.

Unloading 19 unused Assets to reduce memory usage. Loaded Objects now: 2122.
Total: 4.089500 ms (FindLiveObjects: 0.187800 ms CreateObjectMapping: 0.045200 ms MarkObjects: 3.825300 ms  DeleteObjects: 0.030300 ms)

========================================================================
Received Import Request.
  Time since last request: 20203.949849 seconds.
  path: Assets/UPBS/Scripts/PlaybackData/Frame Data/PBCameraFrameData.cs
  artifactKey: Guid(ba634a23dd36d434783fa81e8d73ae79) Importer(815301076,1909f56bfc062723c751e8b465ee728b)
Start importing Assets/UPBS/Scripts/PlaybackData/Frame Data/PBCameraFrameData.cs using Guid(ba634a23dd36d434783fa81e8d73ae79) Importer(815301076,1909f56bfc062723c751e8b465ee728b)  -> (artifact id: '8dd5e5d1b918c3fe6caecbcff98a184c') in 0.008681 seconds
  Import took 0.011046 seconds .

========================================================================
Received Import Request.
  Time since last request: 520.717295 seconds.
  path: Assets/UPBS/Scripts/Utility
  artifactKey: Guid(08fa113f347cc6b48b3a02d2a9364a18) Importer(815301076,1909f56bfc062723c751e8b465ee728b)
Start importing Assets/UPBS/Scripts/Utility using Guid(08fa113f347cc6b48b3a02d2a9364a18) Importer(815301076,1909f56bfc062723c751e8b465ee728b)  -> (artifact id: '0ee7a0d532ae9b571a6ff3f72b997345') in 0.006040 seconds
  Import took 0.008986 seconds .

========================================================================
Received Import Request.
  Time since last request: 2.394041 seconds.
  path: Assets/UPBS/Scripts/Utility/ExtensionMethods.cs
  artifactKey: Guid(1e5da8cc0d242704688c8503c0192f76) Importer(815301076,1909f56bfc062723c751e8b465ee728b)
Start importing Assets/UPBS/Scripts/Utility/ExtensionMethods.cs using Guid(1e5da8cc0d242704688c8503c0192f76) Importer(815301076,1909f56bfc062723c751e8b465ee728b)  -> (artifact id: '01e290a52da5a07224b037ddb5e94d01') in 0.006980 seconds
  Import took 0.009655 seconds .

========================================================================
Received Import Request.
  Time since last request: 0.127837 seconds.
  path: Assets/UPBS/Scripts/Utility/ExtensionMethods.cs
  artifactKey: Guid(1e5da8cc0d242704688c8503c0192f76) Importer(815301076,1909f56bfc062723c751e8b465ee728b)
Start importing Assets/UPBS/Scripts/Utility/ExtensionMethods.cs using Guid(1e5da8cc0d242704688c8503c0192f76) Importer(815301076,1909f56bfc062723c751e8b465ee728b)  -> (artifact id: '01e290a52da5a07224b037ddb5e94d01') in 0.002303 seconds
  Import took 0.004484 seconds .

========================================================================
Received Prepare
Registering precompiled user dll's ...
Registered in 0.001620 seconds.
Begin MonoManager ReloadAssembly
Native extension for WindowsStandalone target not found
Native extension for WebGL target not found
Refreshing native plugins compatible for Editor in 0.36 ms, found 0 plugins.
Preloading 0 native plugins for Editor in 0.00 ms.
Mono: successfully reloaded assembly
- Completed reload, in  0.780 seconds
Platform modules already initialized, skipping
Refreshing native plugins compatible for Editor in 0.34 ms, found 0 plugins.
Preloading 0 native plugins for Editor in 0.00 ms.
Unloading 1634 Unused Serialized files (Serialized files now loaded: 0)
System memory in use before: 73.4 MB.
System memory in use after: 73.5 MB.

Unloading 19 unused Assets to reduce memory usage. Loaded Objects now: 2125.
Total: 4.372400 ms (FindLiveObjects: 0.197100 ms CreateObjectMapping: 0.063600 ms MarkObjects: 4.091900 ms  DeleteObjects: 0.018800 ms)

========================================================================
Received Import Request.
  Time since last request: 16602.973393 seconds.
  path: Assets/UPBS/Scripts/Utility/ExtensionMethods.cs
  artifactKey: Guid(1e5da8cc0d242704688c8503c0192f76) Importer(815301076,1909f56bfc062723c751e8b465ee728b)
Start importing Assets/UPBS/Scripts/Utility/ExtensionMethods.cs using Guid(1e5da8cc0d242704688c8503c0192f76) Importer(815301076,1909f56bfc062723c751e8b465ee728b)  -> (artifact id: '283cb4e3f00dee152783bc411c19e46a') in 0.004134 seconds
  Import took 0.006538 seconds .

========================================================================
Received Prepare
Registering precompiled user dll's ...
Registered in 0.001404 seconds.
Begin MonoManager ReloadAssembly
Native extension for WindowsStandalone target not found
Native extension for WebGL target not found
Refreshing native plugins compatible for Editor in 0.36 ms, found 0 plugins.
Preloading 0 native plugins for Editor in 0.00 ms.
Mono: successfully reloaded assembly
- Completed reload, in  0.697 seconds
Platform modules already initialized, skipping
Refreshing native plugins compatible for Editor in 0.37 ms, found 0 plugins.
Preloading 0 native plugins for Editor in 0.00 ms.
Unloading 1634 Unused Serialized files (Serialized files now loaded: 0)
System memory in use before: 73.4 MB.
System memory in use after: 73.5 MB.

Unloading 19 unused Assets to reduce memory usage. Loaded Objects now: 2128.
Total: 3.893300 ms (FindLiveObjects: 0.165900 ms CreateObjectMapping: 0.038900 ms MarkObjects: 3.674700 ms  DeleteObjects: 0.013200 ms)

========================================================================
Received Import Request.
  Time since last request: 521.920491 seconds.
  path: Assets/UPBS/Scripts/Playback Execution/PBFrameLoader.cs
  artifactKey: Guid(a0d04ad98a19ccf4ea4917602c5dd5f4) Importer(815301076,1909f56bfc062723c751e8b465ee728b)
Start importing Assets/UPBS/Scripts/Playback Execution/PBFrameLoader.cs using Guid(a0d04ad98a19ccf4ea4917602c5dd5f4) Importer(815301076,1909f56bfc062723c751e8b465ee728b)  -> (artifact id: 'e30e50f9683d82f7c203f430201ba792') in 0.010155 seconds
  Import took 0.013573 seconds .

========================================================================
Received Prepare
Registering precompiled user dll's ...
Registered in 0.001282 seconds.
Begin MonoManager ReloadAssembly
Native extension for WindowsStandalone target not found
Native extension for WebGL target not found
Refreshing native plugins compatible for Editor in 0.37 ms, found 0 plugins.
Preloading 0 native plugins for Editor in 0.00 ms.
Mono: successfully reloaded assembly
- Completed reload, in  0.996 seconds
Platform modules already initialized, skipping
Refreshing native plugins compatible for Editor in 0.38 ms, found 0 plugins.
Preloading 0 native plugins for Editor in 0.00 ms.
Unloading 1634 Unused Serialized files (Serialized files now loaded: 0)
System memory in use before: 73.4 MB.
System memory in use after: 73.5 MB.

Unloading 19 unused Assets to reduce memory usage. Loaded Objects now: 2131.
Total: 4.030300 ms (FindLiveObjects: 0.173200 ms CreateObjectMapping: 0.045800 ms MarkObjects: 3.792800 ms  DeleteObjects: 0.017500 ms)

========================================================================
Received Prepare
Registering precompiled user dll's ...
Registered in 0.002001 seconds.
Begin MonoManager ReloadAssembly
Native extension for WindowsStandalone target not found
Native extension for WebGL target not found
Refreshing native plugins compatible for Editor in 0.43 ms, found 0 plugins.
Preloading 0 native plugins for Editor in 0.00 ms.
Mono: successfully reloaded assembly
- Completed reload, in  0.678 seconds
Platform modules already initialized, skipping
Refreshing native plugins compatible for Editor in 0.35 ms, found 0 plugins.
Preloading 0 native plugins for Editor in 0.00 ms.
Unloading 1634 Unused Serialized files (Serialized files now loaded: 0)
System memory in use before: 73.4 MB.
System memory in use after: 73.5 MB.

Unloading 19 unused Assets to reduce memory usage. Loaded Objects now: 2134.
Total: 5.411600 ms (FindLiveObjects: 0.203900 ms CreateObjectMapping: 0.064900 ms MarkObjects: 5.122100 ms  DeleteObjects: 0.019600 ms)

========================================================================
Received Prepare
Registering precompiled user dll's ...
Registered in 0.001960 seconds.
Begin MonoManager ReloadAssembly
Native extension for WindowsStandalone target not found
Native extension for WebGL target not found
Refreshing native plugins compatible for Editor in 0.35 ms, found 0 plugins.
Preloading 0 native plugins for Editor in 0.00 ms.
Mono: successfully reloaded assembly
- Completed reload, in  0.673 seconds
Platform modules already initialized, skipping
Refreshing native plugins compatible for Editor in 0.41 ms, found 0 plugins.
Preloading 0 native plugins for Editor in 0.00 ms.
Unloading 1634 Unused Serialized files (Serialized files now loaded: 0)
System memory in use before: 73.4 MB.
System memory in use after: 73.5 MB.

Unloading 19 unused Assets to reduce memory usage. Loaded Objects now: 2137.
Total: 3.993300 ms (FindLiveObjects: 0.150500 ms CreateObjectMapping: 0.052200 ms MarkObjects: 3.775100 ms  DeleteObjects: 0.014100 ms)

========================================================================
Received Prepare
Registering precompiled user dll's ...
Registered in 0.001643 seconds.
Begin MonoManager ReloadAssembly
Native extension for WindowsStandalone target not found
Native extension for WebGL target not found
Refreshing native plugins compatible for Editor in 0.42 ms, found 0 plugins.
Preloading 0 native plugins for Editor in 0.00 ms.
Mono: successfully reloaded assembly
- Completed reload, in  0.713 seconds
Platform modules already initialized, skipping
Refreshing native plugins compatible for Editor in 0.34 ms, found 0 plugins.
Preloading 0 native plugins for Editor in 0.00 ms.
Unloading 1634 Unused Serialized files (Serialized files now loaded: 0)
System memory in use before: 73.4 MB.
System memory in use after: 73.5 MB.

Unloading 19 unused Assets to reduce memory usage. Loaded Objects now: 2140.
Total: 4.314000 ms (FindLiveObjects: 0.166500 ms CreateObjectMapping: 0.045300 ms MarkObjects: 4.075700 ms  DeleteObjects: 0.024700 ms)

========================================================================
Received Import Request.
  Time since last request: 9035.265285 seconds.
  path: Assets/UPBS/Scripts/Playback Execution/PBTrackerID.cs
  artifactKey: Guid(45eab065ca173be4497c8dd2b3222906) Importer(815301076,1909f56bfc062723c751e8b465ee728b)
Start importing Assets/UPBS/Scripts/Playback Execution/PBTrackerID.cs using Guid(45eab065ca173be4497c8dd2b3222906) Importer(815301076,1909f56bfc062723c751e8b465ee728b)  -> (artifact id: '96b04ea5291a7410b8baa85e93ff2cc5') in 0.008577 seconds
  Import took 0.011018 seconds .

========================================================================
Received Prepare
Registering precompiled user dll's ...
Registered in 0.002033 seconds.
Begin MonoManager ReloadAssembly
Native extension for WindowsStandalone target not found
Native extension for WebGL target not found
Refreshing native plugins compatible for Editor in 0.35 ms, found 0 plugins.
Preloading 0 native plugins for Editor in 0.00 ms.
Mono: successfully reloaded assembly
- Completed reload, in  0.651 seconds
Platform modules already initialized, skipping
Refreshing native plugins compatible for Editor in 0.70 ms, found 0 plugins.
Preloading 0 native plugins for Editor in 0.00 ms.
Unloading 1634 Unused Serialized files (Serialized files now loaded: 0)
System memory in use before: 73.4 MB.
System memory in use after: 73.5 MB.

Unloading 19 unused Assets to reduce memory usage. Loaded Objects now: 2143.
Total: 4.655400 ms (FindLiveObjects: 0.251600 ms CreateObjectMapping: 0.060100 ms MarkObjects: 4.327400 ms  DeleteObjects: 0.014300 ms)

========================================================================
Received Prepare
Registering precompiled user dll's ...
Registered in 0.001641 seconds.
Begin MonoManager ReloadAssembly
Native extension for WindowsStandalone target not found
Native extension for WebGL target not found
Refreshing native plugins compatible for Editor in 0.42 ms, found 0 plugins.
Preloading 0 native plugins for Editor in 0.00 ms.
Mono: successfully reloaded assembly
- Completed reload, in  0.686 seconds
Platform modules already initialized, skipping
Refreshing native plugins compatible for Editor in 0.44 ms, found 0 plugins.
Preloading 0 native plugins for Editor in 0.00 ms.
Unloading 1634 Unused Serialized files (Serialized files now loaded: 0)
System memory in use before: 73.4 MB.
System memory in use after: 73.5 MB.

Unloading 19 unused Assets to reduce memory usage. Loaded Objects now: 2146.
Total: 4.690500 ms (FindLiveObjects: 0.180300 ms CreateObjectMapping: 0.045200 ms MarkObjects: 4.447700 ms  DeleteObjects: 0.016000 ms)

========================================================================
Received Import Request.
  Time since last request: 573.348484 seconds.
  path: Assets/UXF/Scripts/DataHandling/FileSaver.cs
  artifactKey: Guid(c998d809839214b438495bbe6d805bd0) Importer(815301076,1909f56bfc062723c751e8b465ee728b)
Start importing Assets/UXF/Scripts/DataHandling/FileSaver.cs using Guid(c998d809839214b438495bbe6d805bd0) Importer(815301076,1909f56bfc062723c751e8b465ee728b)  -> (artifact id: 'e75e0a27a3eb40400812c592b4e0770c') in 0.008840 seconds
  Import took 0.011240 seconds .

========================================================================
Received Import Request.
  Time since last request: 0.016232 seconds.
  path: Assets/UXF/Scripts/DataHandling/FileSaver.cs
  artifactKey: Guid(c998d809839214b438495bbe6d805bd0) Importer(815301076,1909f56bfc062723c751e8b465ee728b)
Start importing Assets/UXF/Scripts/DataHandling/FileSaver.cs using Guid(c998d809839214b438495bbe6d805bd0) Importer(815301076,1909f56bfc062723c751e8b465ee728b)  -> (artifact id: 'e75e0a27a3eb40400812c592b4e0770c') in 0.002227 seconds
  Import took 0.005068 seconds .

========================================================================
Received Import Request.
  Time since last request: 80.096275 seconds.
  path: Assets/UPBS/Scripts/PlaybackData/Trackers/PBTrackerInfo.cs
  artifactKey: Guid(937f82a07c93af44c8af30e3199d5d87) Importer(815301076,1909f56bfc062723c751e8b465ee728b)
Start importing Assets/UPBS/Scripts/PlaybackData/Trackers/PBTrackerInfo.cs using Guid(937f82a07c93af44c8af30e3199d5d87) Importer(815301076,1909f56bfc062723c751e8b465ee728b)  -> (artifact id: 'e58ca8e79d4156b6192c8df998747175') in 0.006751 seconds
  Import took 0.009049 seconds .

========================================================================
Received Prepare
Registering precompiled user dll's ...
Registered in 0.001342 seconds.
Begin MonoManager ReloadAssembly
Native extension for WindowsStandalone target not found
Native extension for WebGL target not found
Refreshing native plugins compatible for Editor in 0.37 ms, found 0 plugins.
Preloading 0 native plugins for Editor in 0.00 ms.
Mono: successfully reloaded assembly
- Completed reload, in  0.731 seconds
Platform modules already initialized, skipping
Refreshing native plugins compatible for Editor in 0.63 ms, found 0 plugins.
Preloading 0 native plugins for Editor in 0.00 ms.
Unloading 1634 Unused Serialized files (Serialized files now loaded: 0)
System memory in use before: 73.4 MB.
System memory in use after: 73.5 MB.

Unloading 19 unused Assets to reduce memory usage. Loaded Objects now: 2149.
Total: 4.973200 ms (FindLiveObjects: 0.229800 ms CreateObjectMapping: 0.220500 ms MarkObjects: 4.497700 ms  DeleteObjects: 0.024100 ms)

========================================================================
Received Prepare
Registering precompiled user dll's ...
Registered in 0.001754 seconds.
Begin MonoManager ReloadAssembly
Native extension for WindowsStandalone target not found
Native extension for WebGL target not found
Refreshing native plugins compatible for Editor in 0.40 ms, found 0 plugins.
Preloading 0 native plugins for Editor in 0.00 ms.
Mono: successfully reloaded assembly
- Completed reload, in  0.853 seconds
Platform modules already initialized, skipping
Refreshing native plugins compatible for Editor in 0.35 ms, found 0 plugins.
Preloading 0 native plugins for Editor in 0.00 ms.
Unloading 1634 Unused Serialized files (Serialized files now loaded: 0)
System memory in use before: 73.4 MB.
System memory in use after: 73.5 MB.

Unloading 19 unused Assets to reduce memory usage. Loaded Objects now: 2152.
Total: 4.989700 ms (FindLiveObjects: 0.170700 ms CreateObjectMapping: 0.042300 ms MarkObjects: 4.758900 ms  DeleteObjects: 0.017100 ms)

========================================================================
Received Prepare
Registering precompiled user dll's ...
Registered in 0.001639 seconds.
Begin MonoManager ReloadAssembly
Native extension for WindowsStandalone target not found
Native extension for WebGL target not found
Refreshing native plugins compatible for Editor in 0.35 ms, found 0 plugins.
Preloading 0 native plugins for Editor in 0.00 ms.
Mono: successfully reloaded assembly
- Completed reload, in  0.652 seconds
Platform modules already initialized, skipping
Refreshing native plugins compatible for Editor in 0.36 ms, found 0 plugins.
Preloading 0 native plugins for Editor in 0.00 ms.
Unloading 1634 Unused Serialized files (Serialized files now loaded: 0)
System memory in use before: 73.4 MB.
System memory in use after: 73.5 MB.

Unloading 19 unused Assets to reduce memory usage. Loaded Objects now: 2155.
Total: 4.291700 ms (FindLiveObjects: 0.175800 ms CreateObjectMapping: 0.045400 ms MarkObjects: 4.054000 ms  DeleteObjects: 0.015700 ms)

========================================================================
Received Prepare
Registering precompiled user dll's ...
Registered in 0.001353 seconds.
Begin MonoManager ReloadAssembly
Native extension for WindowsStandalone target not found
Native extension for WebGL target not found
Refreshing native plugins compatible for Editor in 0.39 ms, found 0 plugins.
Preloading 0 native plugins for Editor in 0.00 ms.
Mono: successfully reloaded assembly
- Completed reload, in  0.697 seconds
Platform modules already initialized, skipping
Refreshing native plugins compatible for Editor in 0.40 ms, found 0 plugins.
Preloading 0 native plugins for Editor in 0.00 ms.
Unloading 1634 Unused Serialized files (Serialized files now loaded: 0)
System memory in use before: 73.4 MB.
System memory in use after: 73.5 MB.

Unloading 19 unused Assets to reduce memory usage. Loaded Objects now: 2158.
Total: 4.945200 ms (FindLiveObjects: 0.183100 ms CreateObjectMapping: 0.044300 ms MarkObjects: 4.700100 ms  DeleteObjects: 0.017000 ms)

========================================================================
Received Prepare
Registering precompiled user dll's ...
Registered in 0.001140 seconds.
Begin MonoManager ReloadAssembly
Native extension for WindowsStandalone target not found
Native extension for WebGL target not found
Refreshing native plugins compatible for Editor in 0.36 ms, found 0 plugins.
Preloading 0 native plugins for Editor in 0.00 ms.
Mono: successfully reloaded assembly
- Completed reload, in  0.657 seconds
Platform modules already initialized, skipping
Refreshing native plugins compatible for Editor in 0.34 ms, found 0 plugins.
Preloading 0 native plugins for Editor in 0.00 ms.
Unloading 1634 Unused Serialized files (Serialized files now loaded: 0)
System memory in use before: 73.4 MB.
System memory in use after: 73.5 MB.

Unloading 19 unused Assets to reduce memory usage. Loaded Objects now: 2161.
Total: 4.532100 ms (FindLiveObjects: 0.533600 ms CreateObjectMapping: 0.059300 ms MarkObjects: 3.922200 ms  DeleteObjects: 0.016200 ms)

========================================================================
Received Import Request.
  Time since last request: 10574.706698 seconds.
  path: Assets/UPBS/Scripts/Utility/ExtensionMethods.cs
  artifactKey: Guid(1e5da8cc0d242704688c8503c0192f76) Importer(815301076,1909f56bfc062723c751e8b465ee728b)
Start importing Assets/UPBS/Scripts/Utility/ExtensionMethods.cs using Guid(1e5da8cc0d242704688c8503c0192f76) Importer(815301076,1909f56bfc062723c751e8b465ee728b)  -> (artifact id: 'b3509b7a6b538acd47a1a5b7f27889cf') in 0.007309 seconds
  Import took 0.010364 seconds .

========================================================================
Received Import Request.
  Time since last request: 0.000304 seconds.
  path: Assets/UPBS/Scripts/Utility/ExtensionMethods.cs
  artifactKey: Guid(1e5da8cc0d242704688c8503c0192f76) Importer(815301076,1909f56bfc062723c751e8b465ee728b)
Start importing Assets/UPBS/Scripts/Utility/ExtensionMethods.cs using Guid(1e5da8cc0d242704688c8503c0192f76) Importer(815301076,1909f56bfc062723c751e8b465ee728b)  -> (artifact id: 'b3509b7a6b538acd47a1a5b7f27889cf') in 0.001857 seconds
  Import took 0.003732 seconds .

========================================================================
Received Prepare
Registering precompiled user dll's ...
Registered in 0.001136 seconds.
Begin MonoManager ReloadAssembly
Native extension for WindowsStandalone target not found
Native extension for WebGL target not found
Refreshing native plugins compatible for Editor in 0.94 ms, found 0 plugins.
Preloading 0 native plugins for Editor in 0.00 ms.
Mono: successfully reloaded assembly
- Completed reload, in  0.725 seconds
Platform modules already initialized, skipping
Refreshing native plugins compatible for Editor in 0.40 ms, found 0 plugins.
Preloading 0 native plugins for Editor in 0.00 ms.
Unloading 1634 Unused Serialized files (Serialized files now loaded: 0)
System memory in use before: 73.4 MB.
System memory in use after: 73.6 MB.

Unloading 19 unused Assets to reduce memory usage. Loaded Objects now: 2164.
Total: 4.023400 ms (FindLiveObjects: 0.261800 ms CreateObjectMapping: 0.054400 ms MarkObjects: 3.691600 ms  DeleteObjects: 0.014600 ms)

========================================================================
Received Prepare
Registering precompiled user dll's ...
Registered in 0.001115 seconds.
Begin MonoManager ReloadAssembly
Native extension for WindowsStandalone target not found
Native extension for WebGL target not found
Refreshing native plugins compatible for Editor in 0.38 ms, found 0 plugins.
Preloading 0 native plugins for Editor in 0.00 ms.
Mono: successfully reloaded assembly
- Completed reload, in  0.669 seconds
Platform modules already initialized, skipping
Refreshing native plugins compatible for Editor in 0.37 ms, found 0 plugins.
Preloading 0 native plugins for Editor in 0.00 ms.
Unloading 1634 Unused Serialized files (Serialized files now loaded: 0)
System memory in use before: 73.4 MB.
System memory in use after: 73.6 MB.

Unloading 19 unused Assets to reduce memory usage. Loaded Objects now: 2167.
Total: 6.082900 ms (FindLiveObjects: 0.353100 ms CreateObjectMapping: 0.170100 ms MarkObjects: 5.541200 ms  DeleteObjects: 0.017700 ms)

========================================================================
Received Prepare
Registering precompiled user dll's ...
Registered in 0.001175 seconds.
Begin MonoManager ReloadAssembly
Native extension for WindowsStandalone target not found
Native extension for WebGL target not found
Refreshing native plugins compatible for Editor in 0.42 ms, found 0 plugins.
Preloading 0 native plugins for Editor in 0.00 ms.
Mono: successfully reloaded assembly
- Completed reload, in  0.658 seconds
Platform modules already initialized, skipping
Refreshing native plugins compatible for Editor in 0.34 ms, found 0 plugins.
Preloading 0 native plugins for Editor in 0.00 ms.
Unloading 1634 Unused Serialized files (Serialized files now loaded: 0)
System memory in use before: 73.5 MB.
System memory in use after: 73.6 MB.

Unloading 19 unused Assets to reduce memory usage. Loaded Objects now: 2170.
Total: 4.658000 ms (FindLiveObjects: 0.194000 ms CreateObjectMapping: 0.051000 ms MarkObjects: 4.397700 ms  DeleteObjects: 0.014700 ms)

========================================================================
Received Prepare
Registering precompiled user dll's ...
Registered in 0.253524 seconds.
Begin MonoManager ReloadAssembly
Native extension for WindowsStandalone target not found
Native extension for WebGL target not found
Refreshing native plugins compatible for Editor in 0.36 ms, found 0 plugins.
Preloading 0 native plugins for Editor in 0.00 ms.
Mono: successfully reloaded assembly
- Completed reload, in  6.945 seconds
Platform modules already initialized, skipping
Refreshing native plugins compatible for Editor in 0.37 ms, found 0 plugins.
Preloading 0 native plugins for Editor in 0.00 ms.
Unloading 1634 Unused Serialized files (Serialized files now loaded: 0)
System memory in use before: 73.5 MB.
System memory in use after: 73.6 MB.

Unloading 19 unused Assets to reduce memory usage. Loaded Objects now: 2173.
Total: 3.944800 ms (FindLiveObjects: 0.155500 ms CreateObjectMapping: 0.038500 ms MarkObjects: 3.725100 ms  DeleteObjects: 0.024800 ms)

========================================================================
Received Prepare
Registering precompiled user dll's ...
Registered in 0.001135 seconds.
Begin MonoManager ReloadAssembly
Native extension for WindowsStandalone target not found
Native extension for WebGL target not found
Refreshing native plugins compatible for Editor in 0.34 ms, found 0 plugins.
Preloading 0 native plugins for Editor in 0.00 ms.
Mono: successfully reloaded assembly
- Completed reload, in  0.624 seconds
Platform modules already initialized, skipping
Refreshing native plugins compatible for Editor in 0.35 ms, found 0 plugins.
Preloading 0 native plugins for Editor in 0.00 ms.
Unloading 1634 Unused Serialized files (Serialized files now loaded: 0)
System memory in use before: 73.5 MB.
System memory in use after: 73.6 MB.

Unloading 19 unused Assets to reduce memory usage. Loaded Objects now: 2176.
Total: 4.017000 ms (FindLiveObjects: 0.221900 ms CreateObjectMapping: 0.047000 ms MarkObjects: 3.732500 ms  DeleteObjects: 0.014300 ms)

========================================================================
Received Import Request.
  Time since last request: 62895.710393 seconds.
  path: Assets/UPBS/Sprites
  artifactKey: Guid(2e99771c316af6c4b82c1bd4781329f6) Importer(815301076,1909f56bfc062723c751e8b465ee728b)
Start importing Assets/UPBS/Sprites using Guid(2e99771c316af6c4b82c1bd4781329f6) Importer(815301076,1909f56bfc062723c751e8b465ee728b)  -> (artifact id: '16471fa4caaab0535c7d40c259f1f69b') in 0.007569 seconds
  Import took 0.010951 seconds .

========================================================================
Received Import Request.
  Time since last request: 0.120219 seconds.
  path: Assets/UPBS/Sprites
  artifactKey: Guid(2e99771c316af6c4b82c1bd4781329f6) Importer(815301076,1909f56bfc062723c751e8b465ee728b)
Start importing Assets/UPBS/Sprites using Guid(2e99771c316af6c4b82c1bd4781329f6) Importer(815301076,1909f56bfc062723c751e8b465ee728b)  -> (artifact id: '16471fa4caaab0535c7d40c259f1f69b') in 0.002082 seconds
  Import took 0.004476 seconds .

========================================================================
Received Import Request.
  Time since last request: 3.165160 seconds.
  path: Assets/UPBS/Test/Scenes/TestDataEntry_Playback.unity
  artifactKey: Guid(cc393a7ed8200474f8539a6d470f62bc) Importer(815301076,1909f56bfc062723c751e8b465ee728b)
Start importing Assets/UPBS/Test/Scenes/TestDataEntry_Playback.unity using Guid(cc393a7ed8200474f8539a6d470f62bc) Importer(815301076,1909f56bfc062723c751e8b465ee728b)  -> (artifact id: '2b125efea9cbdd363d055b080a45cba0') in 0.011624 seconds
  Import took 0.014181 seconds .

========================================================================
Received Prepare
Registering precompiled user dll's ...
Registered in 0.001112 seconds.
Begin MonoManager ReloadAssembly
Native extension for WindowsStandalone target not found
Native extension for WebGL target not found
Refreshing native plugins compatible for Editor in 0.38 ms, found 0 plugins.
Preloading 0 native plugins for Editor in 0.00 ms.
Mono: successfully reloaded assembly
- Completed reload, in  0.736 seconds
Platform modules already initialized, skipping
Refreshing native plugins compatible for Editor in 0.38 ms, found 0 plugins.
Preloading 0 native plugins for Editor in 0.00 ms.
Unloading 1634 Unused Serialized files (Serialized files now loaded: 0)
System memory in use before: 73.5 MB.
System memory in use after: 73.6 MB.

Unloading 19 unused Assets to reduce memory usage. Loaded Objects now: 2179.
Total: 5.348300 ms (FindLiveObjects: 0.207100 ms CreateObjectMapping: 0.074900 ms MarkObjects: 5.048100 ms  DeleteObjects: 0.017200 ms)

========================================================================
Received Prepare
Registering precompiled user dll's ...
Registered in 0.001223 seconds.
Begin MonoManager ReloadAssembly
Native extension for WindowsStandalone target not found
Native extension for WebGL target not found
Refreshing native plugins compatible for Editor in 0.45 ms, found 0 plugins.
Preloading 0 native plugins for Editor in 0.00 ms.
Mono: successfully reloaded assembly
- Completed reload, in  0.834 seconds
Platform modules already initialized, skipping
Refreshing native plugins compatible for Editor in 0.34 ms, found 0 plugins.
Preloading 0 native plugins for Editor in 0.00 ms.
Unloading 1634 Unused Serialized files (Serialized files now loaded: 0)
System memory in use before: 73.5 MB.
System memory in use after: 73.6 MB.

Unloading 19 unused Assets to reduce memory usage. Loaded Objects now: 2182.
Total: 4.132200 ms (FindLiveObjects: 0.192100 ms CreateObjectMapping: 0.057900 ms MarkObjects: 3.865700 ms  DeleteObjects: 0.015600 ms)

========================================================================
Received Import Request.
  Time since last request: 5940.052908 seconds.
  path: Assets/UPBS/Scripts/Playback Execution/PBFrameControllerManager.cs
  artifactKey: Guid(6832882600c0ad84f8a247d165a0702c) Importer(815301076,1909f56bfc062723c751e8b465ee728b)
Start importing Assets/UPBS/Scripts/Playback Execution/PBFrameControllerManager.cs using Guid(6832882600c0ad84f8a247d165a0702c) Importer(815301076,1909f56bfc062723c751e8b465ee728b)  -> (artifact id: 'b6185f829aaafa770a03683155624422') in 0.007862 seconds
  Import took 0.010283 seconds .

========================================================================
Received Import Request.
  Time since last request: 0.038378 seconds.
  path: Assets/UPBS/Scripts/Playback Execution/PBFrameControllerManager.cs
  artifactKey: Guid(6832882600c0ad84f8a247d165a0702c) Importer(815301076,1909f56bfc062723c751e8b465ee728b)
Start importing Assets/UPBS/Scripts/Playback Execution/PBFrameControllerManager.cs using Guid(6832882600c0ad84f8a247d165a0702c) Importer(815301076,1909f56bfc062723c751e8b465ee728b)  -> (artifact id: 'b6185f829aaafa770a03683155624422') in 0.002756 seconds
  Import took 0.005572 seconds .

========================================================================
Received Import Request.
  Time since last request: 48.992819 seconds.
  path: Assets/UPBS/Test/Scenes/SampleScene.unity
  artifactKey: Guid(9fc0d4010bbf28b4594072e72b8655ab) Importer(815301076,1909f56bfc062723c751e8b465ee728b)
Start importing Assets/UPBS/Test/Scenes/SampleScene.unity using Guid(9fc0d4010bbf28b4594072e72b8655ab) Importer(815301076,1909f56bfc062723c751e8b465ee728b)  -> (artifact id: 'aa8b7b7840c5d873e61fdbe4bfccb9db') in 0.011419 seconds
  Import took 0.014415 seconds .

========================================================================
Received Import Request.
  Time since last request: 0.817819 seconds.
  path: Assets/UPBS/Test/Scenes/TestDataEntry.unity
  artifactKey: Guid(f1aec7be359772a41bbf7a3f203038b1) Importer(815301076,1909f56bfc062723c751e8b465ee728b)
Start importing Assets/UPBS/Test/Scenes/TestDataEntry.unity using Guid(f1aec7be359772a41bbf7a3f203038b1) Importer(815301076,1909f56bfc062723c751e8b465ee728b)  -> (artifact id: '3bc2c08da0f841e194a4807dcb533caa') in 0.006576 seconds
  Import took 0.008966 seconds .

========================================================================
Received Prepare
Registering precompiled user dll's ...
Registered in 0.001287 seconds.
Begin MonoManager ReloadAssembly
Native extension for WindowsStandalone target not found
Native extension for WebGL target not found
Refreshing native plugins compatible for Editor in 0.47 ms, found 0 plugins.
Preloading 0 native plugins for Editor in 0.00 ms.
Mono: successfully reloaded assembly
- Completed reload, in  0.689 seconds
Platform modules already initialized, skipping
Refreshing native plugins compatible for Editor in 0.45 ms, found 0 plugins.
Preloading 0 native plugins for Editor in 0.00 ms.
Unloading 1634 Unused Serialized files (Serialized files now loaded: 0)
System memory in use before: 73.5 MB.
System memory in use after: 73.6 MB.

Unloading 19 unused Assets to reduce memory usage. Loaded Objects now: 2185.
Total: 5.244800 ms (FindLiveObjects: 0.431200 ms CreateObjectMapping: 0.143000 ms MarkObjects: 4.655000 ms  DeleteObjects: 0.014900 ms)

========================================================================
Received Import Request.
  Time since last request: 517.788800 seconds.
  path: Assets/UPBS/Test/Scenes/TestDataEntry_Playback.unity
  artifactKey: Guid(cc393a7ed8200474f8539a6d470f62bc) Importer(815301076,1909f56bfc062723c751e8b465ee728b)
Start importing Assets/UPBS/Test/Scenes/TestDataEntry_Playback.unity using Guid(cc393a7ed8200474f8539a6d470f62bc) Importer(815301076,1909f56bfc062723c751e8b465ee728b)  -> (artifact id: 'e2fc3011a7d123dcdcef24c599ae3bdf') in 0.008544 seconds
  Import took 0.010887 seconds .

========================================================================
Received Import Request.
  Time since last request: 33.875573 seconds.
  path: Assets/UXF/Sprites/1px-9sliced.png
  artifactKey: Guid(2fa4b430af934a14ca7c8a2347ebe690) Importer(815301076,1909f56bfc062723c751e8b465ee728b)
Start importing Assets/UXF/Sprites/1px-9sliced.png using Guid(2fa4b430af934a14ca7c8a2347ebe690) Importer(815301076,1909f56bfc062723c751e8b465ee728b)  -> (artifact id: '85b906fe88a6491289d4992505125035') in 0.367940 seconds
  Import took 0.370767 seconds .

========================================================================
Received Import Request.
  Time since last request: 0.000126 seconds.
  path: Assets/UXF/Sprites/banner-tp-small.png
  artifactKey: Guid(1484202381119544f8d8777cfe02c9cd) Importer(815301076,1909f56bfc062723c751e8b465ee728b)
Start importing Assets/UXF/Sprites/banner-tp-small.png using Guid(1484202381119544f8d8777cfe02c9cd) Importer(815301076,1909f56bfc062723c751e8b465ee728b)  -> (artifact id: '773d54a6e600da4a4256b8db46b9fd7a') in 0.018364 seconds
  Import took 0.020658 seconds .

========================================================================
Received Import Request.
  Time since last request: 0.000124 seconds.
  path: Assets/UXF/Prefabs/[UXF_Rig].prefab
  artifactKey: Guid(0a3b6392f04558844bd340e68ced1ff9) Importer(815301076,1909f56bfc062723c751e8b465ee728b)
Start importing Assets/UXF/Prefabs/[UXF_Rig].prefab using Guid(0a3b6392f04558844bd340e68ced1ff9) Importer(815301076,1909f56bfc062723c751e8b465ee728b)  -> (artifact id: '7f1b530bbb456ab821cc27f97ef9438f') in 0.087244 seconds
  Import took 0.090388 seconds .

========================================================================
Received Import Request.
  Time since last request: 0.000148 seconds.
  path: Assets/UXF/Examples/4_CorsiBlock/Sounds/beep_sound.mp3
  artifactKey: Guid(4eda00ea53bb3d840bf00d60a2838472) Importer(815301076,1909f56bfc062723c751e8b465ee728b)
Start importing Assets/UXF/Examples/4_CorsiBlock/Sounds/beep_sound.mp3 using Guid(4eda00ea53bb3d840bf00d60a2838472) Importer(815301076,1909f56bfc062723c751e8b465ee728b)  -> (artifact id: '390e3bef3556961fa8292b3d1420fb70') in 0.144305 seconds
  Import took 0.146543 seconds .

========================================================================
Received Import Request.
  Time since last request: 0.000122 seconds.
  path: Assets/UXF/Examples/3_MultiScene_FootballAndRT/Models/BallMat.mat
  artifactKey: Guid(97cc2f2903bef8b40973c23d3c19d388) Importer(815301076,1909f56bfc062723c751e8b465ee728b)
Start importing Assets/UXF/Examples/3_MultiScene_FootballAndRT/Models/BallMat.mat using Guid(97cc2f2903bef8b40973c23d3c19d388) Importer(815301076,1909f56bfc062723c751e8b465ee728b)  -> (artifact id: 'c188a0820a140ce023c11d2eb4f9c650') in 0.673029 seconds
  Import took 0.675992 seconds .

========================================================================
Received Prepare
Registering precompiled user dll's ...
Registered in 0.001095 seconds.
Begin MonoManager ReloadAssembly
Native extension for WindowsStandalone target not found
Native extension for WebGL target not found
Refreshing native plugins compatible for Editor in 0.46 ms, found 0 plugins.
Preloading 0 native plugins for Editor in 0.00 ms.
Mono: successfully reloaded assembly
- Completed reload, in  0.685 seconds
Platform modules already initialized, skipping
Refreshing native plugins compatible for Editor in 0.53 ms, found 0 plugins.
Preloading 0 native plugins for Editor in 0.00 ms.
Unloading 1634 Unused Serialized files (Serialized files now loaded: 0)
System memory in use before: 77.0 MB.
System memory in use after: 77.2 MB.

Unloading 21 unused Assets to reduce memory usage. Loaded Objects now: 2237.
Total: 5.488100 ms (FindLiveObjects: 0.214800 ms CreateObjectMapping: 0.067200 ms MarkObjects: 5.165400 ms  DeleteObjects: 0.039500 ms)

========================================================================
Received Prepare
Registering precompiled user dll's ...
Registered in 0.001120 seconds.
Begin MonoManager ReloadAssembly
Native extension for WindowsStandalone target not found
Native extension for WebGL target not found
Refreshing native plugins compatible for Editor in 0.35 ms, found 0 plugins.
Preloading 0 native plugins for Editor in 0.00 ms.
Mono: successfully reloaded assembly
- Completed reload, in  0.642 seconds
Platform modules already initialized, skipping
Refreshing native plugins compatible for Editor in 0.34 ms, found 0 plugins.
Preloading 0 native plugins for Editor in 0.00 ms.
Unloading 1634 Unused Serialized files (Serialized files now loaded: 0)
System memory in use before: 77.0 MB.
System memory in use after: 77.2 MB.

Unloading 19 unused Assets to reduce memory usage. Loaded Objects now: 2240.
Total: 3.855800 ms (FindLiveObjects: 0.190400 ms CreateObjectMapping: 0.049000 ms MarkObjects: 3.602500 ms  DeleteObjects: 0.013100 ms)

========================================================================
Received Prepare
Registering precompiled user dll's ...
Registered in 0.001157 seconds.
Begin MonoManager ReloadAssembly
Native extension for WindowsStandalone target not found
Native extension for WebGL target not found
Refreshing native plugins compatible for Editor in 0.35 ms, found 0 plugins.
Preloading 0 native plugins for Editor in 0.00 ms.
Mono: successfully reloaded assembly
- Completed reload, in  0.625 seconds
Platform modules already initialized, skipping
Refreshing native plugins compatible for Editor in 0.35 ms, found 0 plugins.
Preloading 0 native plugins for Editor in 0.00 ms.
Unloading 1634 Unused Serialized files (Serialized files now loaded: 0)
System memory in use before: 77.1 MB.
System memory in use after: 77.2 MB.

Unloading 19 unused Assets to reduce memory usage. Loaded Objects now: 2243.
Total: 4.899400 ms (FindLiveObjects: 0.598200 ms CreateObjectMapping: 0.053600 ms MarkObjects: 4.231500 ms  DeleteObjects: 0.014200 ms)

========================================================================
Received Prepare
Registering precompiled user dll's ...
Registered in 0.001148 seconds.
Begin MonoManager ReloadAssembly
Native extension for WindowsStandalone target not found
Native extension for WebGL target not found
Refreshing native plugins compatible for Editor in 0.36 ms, found 0 plugins.
Preloading 0 native plugins for Editor in 0.00 ms.
Mono: successfully reloaded assembly
- Completed reload, in  0.695 seconds
Platform modules already initialized, skipping
Refreshing native plugins compatible for Editor in 0.39 ms, found 0 plugins.
Preloading 0 native plugins for Editor in 0.00 ms.
Unloading 1634 Unused Serialized files (Serialized files now loaded: 0)
System memory in use before: 77.1 MB.
System memory in use after: 77.2 MB.

Unloading 19 unused Assets to reduce memory usage. Loaded Objects now: 2246.
Total: 4.225200 ms (FindLiveObjects: 0.236900 ms CreateObjectMapping: 0.054600 ms MarkObjects: 3.919100 ms  DeleteObjects: 0.013200 ms)

========================================================================
Received Prepare
Registering precompiled user dll's ...
Registered in 0.001812 seconds.
Begin MonoManager ReloadAssembly
Native extension for WindowsStandalone target not found
Native extension for WebGL target not found
Refreshing native plugins compatible for Editor in 0.35 ms, found 0 plugins.
Preloading 0 native plugins for Editor in 0.00 ms.
Mono: successfully reloaded assembly
- Completed reload, in  0.725 seconds
Platform modules already initialized, skipping
Refreshing native plugins compatible for Editor in 0.41 ms, found 0 plugins.
Preloading 0 native plugins for Editor in 0.00 ms.
Unloading 1634 Unused Serialized files (Serialized files now loaded: 0)
System memory in use before: 77.1 MB.
System memory in use after: 77.2 MB.

Unloading 19 unused Assets to reduce memory usage. Loaded Objects now: 2249.
Total: 6.313800 ms (FindLiveObjects: 0.541600 ms CreateObjectMapping: 0.138800 ms MarkObjects: 5.614500 ms  DeleteObjects: 0.016500 ms)

========================================================================
Received Prepare
Registering precompiled user dll's ...
Registered in 0.001452 seconds.
Begin MonoManager ReloadAssembly
Native extension for WindowsStandalone target not found
Native extension for WebGL target not found
Refreshing native plugins compatible for Editor in 0.35 ms, found 0 plugins.
Preloading 0 native plugins for Editor in 0.00 ms.
Mono: successfully reloaded assembly
- Completed reload, in  0.673 seconds
Platform modules already initialized, skipping
Refreshing native plugins compatible for Editor in 0.35 ms, found 0 plugins.
Preloading 0 native plugins for Editor in 0.00 ms.
Unloading 1634 Unused Serialized files (Serialized files now loaded: 0)
System memory in use before: 77.1 MB.
System memory in use after: 77.2 MB.

Unloading 19 unused Assets to reduce memory usage. Loaded Objects now: 2252.
Total: 3.755900 ms (FindLiveObjects: 0.200000 ms CreateObjectMapping: 0.039800 ms MarkObjects: 3.501000 ms  DeleteObjects: 0.014200 ms)

========================================================================
Received Prepare
Registering precompiled user dll's ...
Registered in 0.001120 seconds.
Begin MonoManager ReloadAssembly
Native extension for WindowsStandalone target not found
Native extension for WebGL target not found
Refreshing native plugins compatible for Editor in 1.08 ms, found 0 plugins.
Preloading 0 native plugins for Editor in 0.00 ms.
Mono: successfully reloaded assembly
- Completed reload, in  0.753 seconds
Platform modules already initialized, skipping
Refreshing native plugins compatible for Editor in 0.45 ms, found 0 plugins.
Preloading 0 native plugins for Editor in 0.00 ms.
Unloading 1634 Unused Serialized files (Serialized files now loaded: 0)
System memory in use before: 77.1 MB.
System memory in use after: 77.2 MB.

Unloading 19 unused Assets to reduce memory usage. Loaded Objects now: 2255.
Total: 4.273400 ms (FindLiveObjects: 0.362100 ms CreateObjectMapping: 0.078800 ms MarkObjects: 3.817200 ms  DeleteObjects: 0.014400 ms)

========================================================================
Received Prepare
Registering precompiled user dll's ...
Registered in 0.001202 seconds.
Begin MonoManager ReloadAssembly
Native extension for WindowsStandalone target not found
Native extension for WebGL target not found
Refreshing native plugins compatible for Editor in 0.44 ms, found 0 plugins.
Preloading 0 native plugins for Editor in 0.00 ms.
Mono: successfully reloaded assembly
- Completed reload, in  0.777 seconds
Platform modules already initialized, skipping
Refreshing native plugins compatible for Editor in 0.45 ms, found 0 plugins.
Preloading 0 native plugins for Editor in 0.00 ms.
Unloading 1634 Unused Serialized files (Serialized files now loaded: 0)
System memory in use before: 77.1 MB.
System memory in use after: 77.2 MB.

Unloading 19 unused Assets to reduce memory usage. Loaded Objects now: 2258.
Total: 4.614700 ms (FindLiveObjects: 0.293800 ms CreateObjectMapping: 0.091300 ms MarkObjects: 4.214700 ms  DeleteObjects: 0.013900 ms)

========================================================================
Received Prepare
Registering precompiled user dll's ...
Registered in 0.001406 seconds.
Begin MonoManager ReloadAssembly
Native extension for WindowsStandalone target not found
Native extension for WebGL target not found
Refreshing native plugins compatible for Editor in 0.55 ms, found 0 plugins.
Preloading 0 native plugins for Editor in 0.00 ms.
Mono: successfully reloaded assembly
- Completed reload, in  0.780 seconds
Platform modules already initialized, skipping
Refreshing native plugins compatible for Editor in 0.72 ms, found 0 plugins.
Preloading 0 native plugins for Editor in 0.00 ms.
Unloading 1634 Unused Serialized files (Serialized files now loaded: 0)
System memory in use before: 77.1 MB.
System memory in use after: 77.2 MB.

Unloading 19 unused Assets to reduce memory usage. Loaded Objects now: 2261.
Total: 4.596400 ms (FindLiveObjects: 0.202200 ms CreateObjectMapping: 0.065100 ms MarkObjects: 4.312700 ms  DeleteObjects: 0.015200 ms)

========================================================================
Received Prepare
Registering precompiled user dll's ...
Registered in 0.001309 seconds.
Begin MonoManager ReloadAssembly
Native extension for WindowsStandalone target not found
Native extension for WebGL target not found
Refreshing native plugins compatible for Editor in 0.36 ms, found 0 plugins.
Preloading 0 native plugins for Editor in 0.00 ms.
Mono: successfully reloaded assembly
- Completed reload, in  0.633 seconds
Platform modules already initialized, skipping
Refreshing native plugins compatible for Editor in 0.42 ms, found 0 plugins.
Preloading 0 native plugins for Editor in 0.00 ms.
Unloading 1634 Unused Serialized files (Serialized files now loaded: 0)
System memory in use before: 77.1 MB.
System memory in use after: 77.2 MB.

Unloading 19 unused Assets to reduce memory usage. Loaded Objects now: 2264.
Total: 4.584600 ms (FindLiveObjects: 0.227700 ms CreateObjectMapping: 0.065100 ms MarkObjects: 4.275000 ms  DeleteObjects: 0.016100 ms)

========================================================================
Received Prepare
Registering precompiled user dll's ...
Registered in 0.001322 seconds.
Begin MonoManager ReloadAssembly
Native extension for WindowsStandalone target not found
Native extension for WebGL target not found
Refreshing native plugins compatible for Editor in 0.36 ms, found 0 plugins.
Preloading 0 native plugins for Editor in 0.00 ms.
Mono: successfully reloaded assembly
- Completed reload, in  0.619 seconds
Platform modules already initialized, skipping
Refreshing native plugins compatible for Editor in 0.49 ms, found 0 plugins.
Preloading 0 native plugins for Editor in 0.00 ms.
Unloading 1634 Unused Serialized files (Serialized files now loaded: 0)
System memory in use before: 77.1 MB.
System memory in use after: 77.2 MB.

Unloading 19 unused Assets to reduce memory usage. Loaded Objects now: 2267.
Total: 3.875400 ms (FindLiveObjects: 0.195800 ms CreateObjectMapping: 0.050300 ms MarkObjects: 3.611600 ms  DeleteObjects: 0.016700 ms)

========================================================================
Received Prepare
Registering precompiled user dll's ...
Registered in 0.001286 seconds.
Begin MonoManager ReloadAssembly
Native extension for WindowsStandalone target not found
Native extension for WebGL target not found
Refreshing native plugins compatible for Editor in 0.36 ms, found 0 plugins.
Preloading 0 native plugins for Editor in 0.00 ms.
Mono: successfully reloaded assembly
- Completed reload, in  0.668 seconds
Platform modules already initialized, skipping
Refreshing native plugins compatible for Editor in 0.34 ms, found 0 plugins.
Preloading 0 native plugins for Editor in 0.00 ms.
Unloading 1634 Unused Serialized files (Serialized files now loaded: 0)
System memory in use before: 77.1 MB.
System memory in use after: 77.2 MB.

Unloading 19 unused Assets to reduce memory usage. Loaded Objects now: 2270.
Total: 4.136800 ms (FindLiveObjects: 0.222700 ms CreateObjectMapping: 0.049800 ms MarkObjects: 3.850000 ms  DeleteObjects: 0.013700 ms)

========================================================================
Received Prepare
Registering precompiled user dll's ...
Registered in 0.001527 seconds.
Begin MonoManager ReloadAssembly
Native extension for WindowsStandalone target not found
Native extension for WebGL target not found
Refreshing native plugins compatible for Editor in 0.36 ms, found 0 plugins.
Preloading 0 native plugins for Editor in 0.00 ms.
Mono: successfully reloaded assembly
- Completed reload, in  0.756 seconds
Platform modules already initialized, skipping
Refreshing native plugins compatible for Editor in 0.52 ms, found 0 plugins.
Preloading 0 native plugins for Editor in 0.00 ms.
Unloading 1634 Unused Serialized files (Serialized files now loaded: 0)
System memory in use before: 77.1 MB.
System memory in use after: 77.2 MB.

Unloading 19 unused Assets to reduce memory usage. Loaded Objects now: 2273.
Total: 5.929400 ms (FindLiveObjects: 0.278600 ms CreateObjectMapping: 0.094700 ms MarkObjects: 5.527100 ms  DeleteObjects: 0.028000 ms)

========================================================================
Received Prepare
Registering precompiled user dll's ...
Registered in 0.002000 seconds.
Begin MonoManager ReloadAssembly
Native extension for WindowsStandalone target not found
Native extension for WebGL target not found
Refreshing native plugins compatible for Editor in 0.64 ms, found 0 plugins.
Preloading 0 native plugins for Editor in 0.00 ms.
Mono: successfully reloaded assembly
- Completed reload, in  0.765 seconds
Platform modules already initialized, skipping
Refreshing native plugins compatible for Editor in 0.37 ms, found 0 plugins.
Preloading 0 native plugins for Editor in 0.00 ms.
Unloading 1634 Unused Serialized files (Serialized files now loaded: 0)
System memory in use before: 77.1 MB.
System memory in use after: 77.2 MB.

Unloading 19 unused Assets to reduce memory usage. Loaded Objects now: 2276.
Total: 5.664800 ms (FindLiveObjects: 0.210000 ms CreateObjectMapping: 0.051000 ms MarkObjects: 5.379900 ms  DeleteObjects: 0.022900 ms)

========================================================================
Received Prepare
Registering precompiled user dll's ...
Registered in 0.001127 seconds.
Begin MonoManager ReloadAssembly
Native extension for WindowsStandalone target not found
Native extension for WebGL target not found
Refreshing native plugins compatible for Editor in 0.35 ms, found 0 plugins.
Preloading 0 native plugins for Editor in 0.00 ms.
Mono: successfully reloaded assembly
- Completed reload, in  0.618 seconds
Platform modules already initialized, skipping
Refreshing native plugins compatible for Editor in 0.35 ms, found 0 plugins.
Preloading 0 native plugins for Editor in 0.00 ms.
Unloading 1634 Unused Serialized files (Serialized files now loaded: 0)
System memory in use before: 77.1 MB.
System memory in use after: 77.3 MB.

Unloading 19 unused Assets to reduce memory usage. Loaded Objects now: 2279.
Total: 4.112200 ms (FindLiveObjects: 0.263000 ms CreateObjectMapping: 0.054700 ms MarkObjects: 3.776500 ms  DeleteObjects: 0.014800 ms)

========================================================================
Received Prepare
Registering precompiled user dll's ...
Registered in 0.001209 seconds.
Begin MonoManager ReloadAssembly
Native extension for WindowsStandalone target not found
Native extension for WebGL target not found
Refreshing native plugins compatible for Editor in 0.40 ms, found 0 plugins.
Preloading 0 native plugins for Editor in 0.00 ms.
Mono: successfully reloaded assembly
- Completed reload, in  0.692 seconds
Platform modules already initialized, skipping
Refreshing native plugins compatible for Editor in 0.35 ms, found 0 plugins.
Preloading 0 native plugins for Editor in 0.00 ms.
Unloading 1634 Unused Serialized files (Serialized files now loaded: 0)
System memory in use before: 77.1 MB.
System memory in use after: 77.3 MB.

Unloading 19 unused Assets to reduce memory usage. Loaded Objects now: 2282.
Total: 3.910400 ms (FindLiveObjects: 0.220700 ms CreateObjectMapping: 0.044700 ms MarkObjects: 3.608800 ms  DeleteObjects: 0.034200 ms)

========================================================================
Received Prepare
Registering precompiled user dll's ...
Registered in 0.001346 seconds.
Begin MonoManager ReloadAssembly
Native extension for WindowsStandalone target not found
Native extension for WebGL target not found
Refreshing native plugins compatible for Editor in 0.39 ms, found 0 plugins.
Preloading 0 native plugins for Editor in 0.00 ms.
Mono: successfully reloaded assembly
- Completed reload, in  0.654 seconds
Platform modules already initialized, skipping
Refreshing native plugins compatible for Editor in 0.37 ms, found 0 plugins.
Preloading 0 native plugins for Editor in 0.00 ms.
Unloading 1634 Unused Serialized files (Serialized files now loaded: 0)
System memory in use before: 77.1 MB.
System memory in use after: 77.3 MB.

Unloading 19 unused Assets to reduce memory usage. Loaded Objects now: 2285.
Total: 4.569100 ms (FindLiveObjects: 0.224700 ms CreateObjectMapping: 0.072300 ms MarkObjects: 4.256000 ms  DeleteObjects: 0.014500 ms)

========================================================================
Received Prepare
Registering precompiled user dll's ...
Registered in 0.001080 seconds.
Begin MonoManager ReloadAssembly
Native extension for WindowsStandalone target not found
Native extension for WebGL target not found
Refreshing native plugins compatible for Editor in 0.37 ms, found 0 plugins.
Preloading 0 native plugins for Editor in 0.00 ms.
Mono: successfully reloaded assembly
- Completed reload, in  0.613 seconds
Platform modules already initialized, skipping
Refreshing native plugins compatible for Editor in 0.31 ms, found 0 plugins.
Preloading 0 native plugins for Editor in 0.00 ms.
Unloading 1634 Unused Serialized files (Serialized files now loaded: 0)
System memory in use before: 77.2 MB.
System memory in use after: 77.3 MB.

Unloading 19 unused Assets to reduce memory usage. Loaded Objects now: 2288.
Total: 3.856700 ms (FindLiveObjects: 0.155200 ms CreateObjectMapping: 0.039200 ms MarkObjects: 3.646600 ms  DeleteObjects: 0.014800 ms)

========================================================================
Received Prepare
Registering precompiled user dll's ...
Registered in 0.001787 seconds.
Begin MonoManager ReloadAssembly
Native extension for WindowsStandalone target not found
Native extension for WebGL target not found
Refreshing native plugins compatible for Editor in 0.36 ms, found 0 plugins.
Preloading 0 native plugins for Editor in 0.00 ms.
Mono: successfully reloaded assembly
- Completed reload, in  1.294 seconds
Platform modules already initialized, skipping
Refreshing native plugins compatible for Editor in 0.32 ms, found 0 plugins.
Preloading 0 native plugins for Editor in 0.00 ms.
Unloading 1634 Unused Serialized files (Serialized files now loaded: 0)
System memory in use before: 77.2 MB.
System memory in use after: 77.3 MB.

Unloading 19 unused Assets to reduce memory usage. Loaded Objects now: 2291.
Total: 4.209500 ms (FindLiveObjects: 0.166000 ms CreateObjectMapping: 0.042300 ms MarkObjects: 3.766800 ms  DeleteObjects: 0.233700 ms)

========================================================================
Received Prepare
Registering precompiled user dll's ...
Registered in 0.092006 seconds.
Begin MonoManager ReloadAssembly
Native extension for WindowsStandalone target not found
Native extension for WebGL target not found
Refreshing native plugins compatible for Editor in 0.36 ms, found 0 plugins.
Preloading 0 native plugins for Editor in 0.00 ms.
Mono: successfully reloaded assembly
- Completed reload, in  6.214 seconds
Platform modules already initialized, skipping
Refreshing native plugins compatible for Editor in 0.32 ms, found 0 plugins.
Preloading 0 native plugins for Editor in 0.00 ms.
Unloading 1634 Unused Serialized files (Serialized files now loaded: 0)
System memory in use before: 77.2 MB.
System memory in use after: 77.3 MB.

Unloading 19 unused Assets to reduce memory usage. Loaded Objects now: 2294.
Total: 3.975200 ms (FindLiveObjects: 0.168700 ms CreateObjectMapping: 0.039900 ms MarkObjects: 3.735000 ms  DeleteObjects: 0.030700 ms)

========================================================================
Received Import Request.
  Time since last request: 59645.405979 seconds.
  path: Assets/UPBS/Test/Scenes/TestDataEntry_Playback.unity
  artifactKey: Guid(cc393a7ed8200474f8539a6d470f62bc) Importer(815301076,1909f56bfc062723c751e8b465ee728b)
Start importing Assets/UPBS/Test/Scenes/TestDataEntry_Playback.unity using Guid(cc393a7ed8200474f8539a6d470f62bc) Importer(815301076,1909f56bfc062723c751e8b465ee728b)  -> (artifact id: '151b1bc1b662d787442057c25f4710d2') in 0.013706 seconds
  Import took 0.016845 seconds .

========================================================================
Received Prepare
Registering precompiled user dll's ...
Registered in 0.001123 seconds.
Begin MonoManager ReloadAssembly
Native extension for WindowsStandalone target not found
Native extension for WebGL target not found
Refreshing native plugins compatible for Editor in 0.36 ms, found 0 plugins.
Preloading 0 native plugins for Editor in 0.00 ms.
Mono: successfully reloaded assembly
- Completed reload, in  0.717 seconds
Platform modules already initialized, skipping
Refreshing native plugins compatible for Editor in 0.35 ms, found 0 plugins.
Preloading 0 native plugins for Editor in 0.00 ms.
Unloading 1634 Unused Serialized files (Serialized files now loaded: 0)
System memory in use before: 77.2 MB.
System memory in use after: 77.3 MB.

Unloading 19 unused Assets to reduce memory usage. Loaded Objects now: 2297.
Total: 4.101900 ms (FindLiveObjects: 0.166000 ms CreateObjectMapping: 0.060300 ms MarkObjects: 3.850600 ms  DeleteObjects: 0.024400 ms)

AssetImportWorkerClient::OnTransportError - code=2 error=End of file
