Using pre-set license
Built from '2020.3/staging' branch; Version is '2020.3.6f1 (338bb68529b2) revision 3378102'; Using compiler version '192528614'; Build Type 'Release'
OS: 'Windows 10 Home; OS build 19044.1826; Version 2009; 64bit' Language: 'en' Physical Memory: 16311 MB
BatchMode: 1, IsHumanControllingUs: 0, StartBugReporterOnCrash: 0, Is64bit: 1, IsPro: 0

 COMMAND LINE ARGUMENTS:
D:\monst\Program Files\Unity\Hub\Editor\2020.3.6f1\Editor\Unity.exe
-adb2
-batchMode
-noUpm
-name
AssetImportWorker1
-projectPath
C:/Users/monst/Developer/Unity/unity-experiment-framework
-logFile
Logs/AssetImportWorker1.log
-srvPort
56129
Successfully changed project path to: C:/Users/monst/Developer/Unity/unity-experiment-framework
C:/Users/monst/Developer/Unity/unity-experiment-framework
Using Asset Import Pipeline V2.
Refreshing native plugins compatible for Editor in 30.06 ms, found 0 plugins.
Preloading 0 native plugins for Editor in 0.00 ms.
Initialize engine version: 2020.3.6f1 (338bb68529b2)
[Subsystems] Discovering subsystems at path D:/monst/Program Files/Unity/Hub/Editor/2020.3.6f1/Editor/Data/Resources/UnitySubsystems
[Subsystems] Discovering subsystems at path C:/Users/monst/Developer/Unity/unity-experiment-framework/Assets
GfxDevice: creating device client; threaded=0
Direct3D:
    Version:  Direct3D 11.0 [level 11.1]
    Renderer: AMD Radeon RX 6800 (ID=0x73bf)
    Vendor:   
    VRAM:     16338 MB
    Driver:   30.0.21023.1015
Initialize mono
Mono path[0] = 'D:/monst/Program Files/Unity/Hub/Editor/2020.3.6f1/Editor/Data/Managed'
Mono path[1] = 'D:/monst/Program Files/Unity/Hub/Editor/2020.3.6f1/Editor/Data/MonoBleedingEdge/lib/mono/unityjit'
Mono config path = 'D:/monst/Program Files/Unity/Hub/Editor/2020.3.6f1/Editor/Data/MonoBleedingEdge/etc'
Using monoOptions --debugger-agent=transport=dt_socket,embedding=1,server=y,suspend=n,address=127.0.0.1:56388
Begin MonoManager ReloadAssembly
Registering precompiled unity dll's ...
Register platform support module: D:/monst/Program Files/Unity/Hub/Editor/2020.3.6f1/Editor/Data/PlaybackEngines/WebGLSupport/UnityEditor.WebGL.Extensions.dll
Register platform support module: D:/monst/Program Files/Unity/Hub/Editor/2020.3.6f1/Editor/Data/PlaybackEngines/WindowsStandaloneSupport/UnityEditor.WindowsStandalone.Extensions.dll
Registered in 0.001071 seconds.
Native extension for WindowsStandalone target not found
Native extension for WebGL target not found
Refreshing native plugins compatible for Editor in 22.34 ms, found 0 plugins.
Preloading 0 native plugins for Editor in 0.00 ms.
Mono: successfully reloaded assembly
- Completed reload, in  8.318 seconds
Platform modules already initialized, skipping
Registering precompiled user dll's ...
Registered in 0.001088 seconds.
Begin MonoManager ReloadAssembly
Native extension for WindowsStandalone target not found
Native extension for WebGL target not found
Refreshing native plugins compatible for Editor in 0.35 ms, found 0 plugins.
Preloading 0 native plugins for Editor in 0.00 ms.
Mono: successfully reloaded assembly
- Completed reload, in  0.637 seconds
Platform modules already initialized, skipping
========================================================================
Worker process is ready to serve import requests
Launched and connected shader compiler UnityShaderCompiler.exe after 0.32 seconds
Refreshing native plugins compatible for Editor in 0.33 ms, found 0 plugins.
Preloading 0 native plugins for Editor in 0.00 ms.
Unloading 1651 Unused Serialized files (Serialized files now loaded: 0)
System memory in use before: 74.6 MB.
System memory in use after: 74.7 MB.

Unloading 28 unused Assets to reduce memory usage. Loaded Objects now: 2084.
Total: 3.951100 ms (FindLiveObjects: 0.302100 ms CreateObjectMapping: 0.162900 ms MarkObjects: 3.431400 ms  DeleteObjects: 0.054100 ms)

========================================================================
Received Import Request.
  path: Assets/UPBS/Test/Scenes
  artifactKey: Guid(55a0cce7471710b46817f0a6f25d7cab) Importer(815301076,1909f56bfc062723c751e8b465ee728b)
Start importing Assets/UPBS/Test/Scenes using Guid(55a0cce7471710b46817f0a6f25d7cab) Importer(815301076,1909f56bfc062723c751e8b465ee728b)  -> (artifact id: '3ab5450b0e9711dd1e433351be29b04b') in 0.022135 seconds
  Import took 0.024111 seconds .

========================================================================
Received Import Request.
  Time since last request: 0.000115 seconds.
  path: Assets/UPBS/Test/Scenes/TestDataEntry.unity
  artifactKey: Guid(f1aec7be359772a41bbf7a3f203038b1) Importer(815301076,1909f56bfc062723c751e8b465ee728b)
Start importing Assets/UPBS/Test/Scenes/TestDataEntry.unity using Guid(f1aec7be359772a41bbf7a3f203038b1) Importer(815301076,1909f56bfc062723c751e8b465ee728b)  -> (artifact id: 'd186d62d9fd3aa8c7b8c62d35232eb20') in 0.008241 seconds
  Import took 0.010087 seconds .

========================================================================
Received Import Request.
  Time since last request: 0.000108 seconds.
  path: Assets/UPBS
  artifactKey: Guid(ccdfc72787a13604292921a36958a7ba) Importer(815301076,1909f56bfc062723c751e8b465ee728b)
Start importing Assets/UPBS using Guid(ccdfc72787a13604292921a36958a7ba) Importer(815301076,1909f56bfc062723c751e8b465ee728b)  -> (artifact id: '5a7e75b6fd6dbb68d71e78e5337b9bcd') in 0.004321 seconds
  Import took 0.005891 seconds .

========================================================================
Received Import Request.
  Time since last request: 0.000110 seconds.
  path: Assets/UPBS/Test
  artifactKey: Guid(51ca4451505763343a7e74d1d8544fd9) Importer(815301076,1909f56bfc062723c751e8b465ee728b)
Start importing Assets/UPBS/Test using Guid(51ca4451505763343a7e74d1d8544fd9) Importer(815301076,1909f56bfc062723c751e8b465ee728b)  -> (artifact id: '189e288a9088ab94d8782a031298ed52') in 0.004666 seconds
  Import took 0.006442 seconds .

========================================================================
Received Import Request.
  Time since last request: 0.000099 seconds.
  path: Assets/DevelopmentScene.unity
  artifactKey: Guid(2209ad5e36a6fc7488290f2faee97cfe) Importer(815301076,1909f56bfc062723c751e8b465ee728b)
Start importing Assets/DevelopmentScene.unity using Guid(2209ad5e36a6fc7488290f2faee97cfe) Importer(815301076,1909f56bfc062723c751e8b465ee728b)  -> (artifact id: 'ba637e54d53572b00425f7a958d5182e') in 0.004628 seconds
  Import took 0.006180 seconds .

========================================================================
Received Prepare
Refreshing native plugins compatible for Editor in 5.40 ms, found 0 plugins.
Preloading 0 native plugins for Editor in 0.00 ms.
Unloading 17 Unused Serialized files (Serialized files now loaded: 0)
System memory in use before: 40.8 MB.
System memory in use after: 40.9 MB.

Unloading 17 unused Assets to reduce memory usage. Loaded Objects now: 2084.
Total: 4.358900 ms (FindLiveObjects: 0.195300 ms CreateObjectMapping: 0.059600 ms MarkObjects: 4.091000 ms  DeleteObjects: 0.012200 ms)

AssetImportWorkerClient::OnTransportError - code=2 error=End of file
