Using pre-set license
Built from '2020.3/staging' branch; Version is '2020.3.6f1 (338bb68529b2) revision 3378102'; Using compiler version '192528614'; Build Type 'Release'
OS: 'Windows 10 Home; OS build 19044.2130; Version 2009; 64bit' Language: 'en' Physical Memory: 16311 MB
BatchMode: 1, IsHumanControllingUs: 0, StartBugReporterOnCrash: 0, Is64bit: 1, IsPro: 0

 COMMAND LINE ARGUMENTS:
D:\monst\Program Files\Unity\Hub\Editor\2020.3.6f1\Editor\Unity.exe
-adb2
-batchMode
-noUpm
-name
AssetImportWorker2
-projectPath
C:/Users/monst/Developer/Unity/unity-experiment-framework
-logFile
Logs/AssetImportWorker2.log
-srvPort
53318
Successfully changed project path to: C:/Users/monst/Developer/Unity/unity-experiment-framework
C:/Users/monst/Developer/Unity/unity-experiment-framework
Using Asset Import Pipeline V2.
Refreshing native plugins compatible for Editor in 28.07 ms, found 0 plugins.
Preloading 0 native plugins for Editor in 0.00 ms.
Initialize engine version: 2020.3.6f1 (338bb68529b2)
[Subsystems] Discovering subsystems at path D:/monst/Program Files/Unity/Hub/Editor/2020.3.6f1/Editor/Data/Resources/UnitySubsystems
[Subsystems] Discovering subsystems at path C:/Users/monst/Developer/Unity/unity-experiment-framework/Assets
GfxDevice: creating device client; threaded=0
Direct3D:
    Version:  Direct3D 11.0 [level 11.1]
    Renderer: NVIDIA GeForce RTX 3060 Ti (ID=0x2489)
    Vendor:   
    VRAM:     8050 MB
    Driver:   31.0.15.1748
Initialize mono
Mono path[0] = 'D:/monst/Program Files/Unity/Hub/Editor/2020.3.6f1/Editor/Data/Managed'
Mono path[1] = 'D:/monst/Program Files/Unity/Hub/Editor/2020.3.6f1/Editor/Data/MonoBleedingEdge/lib/mono/unityjit'
Mono config path = 'D:/monst/Program Files/Unity/Hub/Editor/2020.3.6f1/Editor/Data/MonoBleedingEdge/etc'
Using monoOptions --debugger-agent=transport=dt_socket,embedding=1,server=y,suspend=n,address=127.0.0.1:56984
Begin MonoManager ReloadAssembly
Registering precompiled unity dll's ...
Register platform support module: D:/monst/Program Files/Unity/Hub/Editor/2020.3.6f1/Editor/Data/PlaybackEngines/WebGLSupport/UnityEditor.WebGL.Extensions.dll
Register platform support module: D:/monst/Program Files/Unity/Hub/Editor/2020.3.6f1/Editor/Data/PlaybackEngines/WindowsStandaloneSupport/UnityEditor.WindowsStandalone.Extensions.dll
Registered in 0.290385 seconds.
Native extension for WindowsStandalone target not found
Native extension for WebGL target not found
Refreshing native plugins compatible for Editor in 27.46 ms, found 0 plugins.
Preloading 0 native plugins for Editor in 0.00 ms.
Mono: successfully reloaded assembly
- Completed reload, in  6.766 seconds
Platform modules already initialized, skipping
Registering precompiled user dll's ...
Registered in 0.043888 seconds.
Begin MonoManager ReloadAssembly
Native extension for WindowsStandalone target not found
Native extension for WebGL target not found
Refreshing native plugins compatible for Editor in 0.40 ms, found 0 plugins.
Preloading 0 native plugins for Editor in 0.00 ms.
Mono: successfully reloaded assembly
- Completed reload, in  3.527 seconds
Platform modules already initialized, skipping
========================================================================
Worker process is ready to serve import requests
Launched and connected shader compiler UnityShaderCompiler.exe after 0.83 seconds
Refreshing native plugins compatible for Editor in 0.38 ms, found 0 plugins.
Preloading 0 native plugins for Editor in 0.00 ms.
Unloading 1683 Unused Serialized files (Serialized files now loaded: 0)
System memory in use before: 77.2 MB.
System memory in use after: 77.2 MB.

Unloading 28 unused Assets to reduce memory usage. Loaded Objects now: 2116.
Total: 275.746400 ms (FindLiveObjects: 0.178000 ms CreateObjectMapping: 0.059200 ms MarkObjects: 275.277700 ms  DeleteObjects: 0.229700 ms)

========================================================================
Received Import Request.
  path: Assets/ColorPointTester.cs
  artifactKey: Guid(12ba2621915ac4e6eb7a4814c9c974fa) Importer(815301076,1909f56bfc062723c751e8b465ee728b)
Start importing Assets/ColorPointTester.cs using Guid(12ba2621915ac4e6eb7a4814c9c974fa) Importer(815301076,1909f56bfc062723c751e8b465ee728b)  -> (artifact id: '3b8aa67331337743c415d4c16c2ff2cd') in 0.090941 seconds
  Import took 0.094234 seconds .

========================================================================
Received Import Request.
  Time since last request: 0.000363 seconds.
  path: Assets/Editor/ColorPointDrawer.cs
  artifactKey: Guid(7db99620933b443948ee2d1a37a7c1c5) Importer(815301076,1909f56bfc062723c751e8b465ee728b)
Start importing Assets/Editor/ColorPointDrawer.cs using Guid(7db99620933b443948ee2d1a37a7c1c5) Importer(815301076,1909f56bfc062723c751e8b465ee728b)  -> (artifact id: '80a60779ae6752d924c8d9a4e7aca41c') in 0.004200 seconds
  Import took 0.006473 seconds .

========================================================================
Received Import Request.
  Time since last request: 0.000402 seconds.
  path: Assets/Editor/EditorList.cs
  artifactKey: Guid(2e8e452db8c3f44fdb9b2c25ba5e641a) Importer(815301076,1909f56bfc062723c751e8b465ee728b)
Start importing Assets/Editor/EditorList.cs using Guid(2e8e452db8c3f44fdb9b2c25ba5e641a) Importer(815301076,1909f56bfc062723c751e8b465ee728b)  -> (artifact id: 'f9364d01613611eca48cbcd4aa092e43') in 0.003970 seconds
  Import took 0.005904 seconds .

========================================================================
Received Import Request.
  Time since last request: 0.000329 seconds.
  path: Assets/Editor
  artifactKey: Guid(7303dabd6de3a0a4087df9b51cb97ecf) Importer(815301076,1909f56bfc062723c751e8b465ee728b)
Start importing Assets/Editor using Guid(7303dabd6de3a0a4087df9b51cb97ecf) Importer(815301076,1909f56bfc062723c751e8b465ee728b)  -> (artifact id: '5f40224fea0396be9549dd24d29fca33') in 0.004318 seconds
  Import took 0.006744 seconds .

========================================================================
Received Import Request.
  Time since last request: 0.000202 seconds.
  path: Assets/Editor/ListTesterInspector.cs
  artifactKey: Guid(c129d4abb76434a778d3b553dd5f3e5a) Importer(815301076,1909f56bfc062723c751e8b465ee728b)
Start importing Assets/Editor/ListTesterInspector.cs using Guid(c129d4abb76434a778d3b553dd5f3e5a) Importer(815301076,1909f56bfc062723c751e8b465ee728b)  -> (artifact id: '9e4a7cec84f47f9f4fda98d5006bb502') in 0.004445 seconds
  Import took 0.007115 seconds .

========================================================================
Received Import Request.
  Time since last request: 0.000118 seconds.
  path: Assets/ColorPoint.cs
  artifactKey: Guid(929f2cb9cffeb43fe9e19a1deccf4b91) Importer(815301076,1909f56bfc062723c751e8b465ee728b)
Start importing Assets/ColorPoint.cs using Guid(929f2cb9cffeb43fe9e19a1deccf4b91) Importer(815301076,1909f56bfc062723c751e8b465ee728b)  -> (artifact id: '6bdd2e9fc3c14240a6481f99b34d5d51') in 0.005207 seconds
  Import took 0.007654 seconds .

========================================================================
Received Import Request.
  Time since last request: 0.000135 seconds.
  path: Assets/ListTester.cs
  artifactKey: Guid(c49d5d2de3483446d9b74b7deec353d3) Importer(815301076,1909f56bfc062723c751e8b465ee728b)
Start importing Assets/ListTester.cs using Guid(c49d5d2de3483446d9b74b7deec353d3) Importer(815301076,1909f56bfc062723c751e8b465ee728b)  -> (artifact id: 'e78398a2ac90aebda1f7212d62f8b77d') in 0.004192 seconds
  Import took 0.006189 seconds .

========================================================================
Received Import Request.
  Time since last request: 22.405714 seconds.
  path: Assets/Editor/GeneratePlaybackSceneEditor.cs
  artifactKey: Guid(e4d15305d1be98147870138d6f7969c0) Importer(815301076,1909f56bfc062723c751e8b465ee728b)
Start importing Assets/Editor/GeneratePlaybackSceneEditor.cs using Guid(e4d15305d1be98147870138d6f7969c0) Importer(815301076,1909f56bfc062723c751e8b465ee728b)  -> (artifact id: '77564860910faff14bc4b1b689f35155') in 0.007299 seconds
  Import took 0.010376 seconds .

========================================================================
Received Import Request.
  Time since last request: 0.002646 seconds.
  path: Assets/Editor/GeneratePlaybackSceneEditor.cs
  artifactKey: Guid(e4d15305d1be98147870138d6f7969c0) Importer(815301076,1909f56bfc062723c751e8b465ee728b)
Start importing Assets/Editor/GeneratePlaybackSceneEditor.cs using Guid(e4d15305d1be98147870138d6f7969c0) Importer(815301076,1909f56bfc062723c751e8b465ee728b)  -> (artifact id: '77564860910faff14bc4b1b689f35155') in 0.001711 seconds
  Import took 0.003794 seconds .

========================================================================
Received Prepare
Registering precompiled user dll's ...
Registered in 0.001993 seconds.
Begin MonoManager ReloadAssembly
Native extension for WindowsStandalone target not found
Native extension for WebGL target not found
Refreshing native plugins compatible for Editor in 0.40 ms, found 0 plugins.
Preloading 0 native plugins for Editor in 0.00 ms.
Mono: successfully reloaded assembly
- Completed reload, in  0.797 seconds
Platform modules already initialized, skipping
Refreshing native plugins compatible for Editor in 0.41 ms, found 0 plugins.
Preloading 0 native plugins for Editor in 0.00 ms.
Unloading 1652 Unused Serialized files (Serialized files now loaded: 0)
System memory in use before: 74.6 MB.
System memory in use after: 74.7 MB.

Unloading 19 unused Assets to reduce memory usage. Loaded Objects now: 2119.
Total: 4.263000 ms (FindLiveObjects: 0.188600 ms CreateObjectMapping: 0.032800 ms MarkObjects: 4.017500 ms  DeleteObjects: 0.022200 ms)

========================================================================
Received Prepare
Registering precompiled user dll's ...
Registered in 0.001436 seconds.
Begin MonoManager ReloadAssembly
Native extension for WindowsStandalone target not found
Native extension for WebGL target not found
Refreshing native plugins compatible for Editor in 0.39 ms, found 0 plugins.
Preloading 0 native plugins for Editor in 0.00 ms.
Mono: successfully reloaded assembly
- Completed reload, in  0.647 seconds
Platform modules already initialized, skipping
Refreshing native plugins compatible for Editor in 0.39 ms, found 0 plugins.
Preloading 0 native plugins for Editor in 0.00 ms.
Unloading 1652 Unused Serialized files (Serialized files now loaded: 0)
System memory in use before: 74.6 MB.
System memory in use after: 74.7 MB.

Unloading 19 unused Assets to reduce memory usage. Loaded Objects now: 2122.
Total: 5.372800 ms (FindLiveObjects: 0.445300 ms CreateObjectMapping: 0.179200 ms MarkObjects: 4.716600 ms  DeleteObjects: 0.029700 ms)

========================================================================
Received Prepare
Registering precompiled user dll's ...
Registered in 0.001259 seconds.
Begin MonoManager ReloadAssembly
Native extension for WindowsStandalone target not found
Native extension for WebGL target not found
Refreshing native plugins compatible for Editor in 0.41 ms, found 0 plugins.
Preloading 0 native plugins for Editor in 0.00 ms.
Mono: successfully reloaded assembly
- Completed reload, in  0.693 seconds
Platform modules already initialized, skipping
Refreshing native plugins compatible for Editor in 0.40 ms, found 0 plugins.
Preloading 0 native plugins for Editor in 0.00 ms.
Unloading 1652 Unused Serialized files (Serialized files now loaded: 0)
System memory in use before: 74.6 MB.
System memory in use after: 74.7 MB.

Unloading 19 unused Assets to reduce memory usage. Loaded Objects now: 2125.
Total: 6.830900 ms (FindLiveObjects: 0.286400 ms CreateObjectMapping: 0.060300 ms MarkObjects: 6.461700 ms  DeleteObjects: 0.020700 ms)

========================================================================
Received Prepare
Registering precompiled user dll's ...
Registered in 0.001187 seconds.
Begin MonoManager ReloadAssembly
Native extension for WindowsStandalone target not found
Native extension for WebGL target not found
Refreshing native plugins compatible for Editor in 0.43 ms, found 0 plugins.
Preloading 0 native plugins for Editor in 0.00 ms.
Mono: successfully reloaded assembly
- Completed reload, in  0.698 seconds
Platform modules already initialized, skipping
Refreshing native plugins compatible for Editor in 0.42 ms, found 0 plugins.
Preloading 0 native plugins for Editor in 0.00 ms.
Unloading 1652 Unused Serialized files (Serialized files now loaded: 0)
System memory in use before: 74.6 MB.
System memory in use after: 74.7 MB.

Unloading 19 unused Assets to reduce memory usage. Loaded Objects now: 2128.
Total: 5.547300 ms (FindLiveObjects: 0.207900 ms CreateObjectMapping: 0.073500 ms MarkObjects: 5.226100 ms  DeleteObjects: 0.038700 ms)

========================================================================
Received Prepare
Registering precompiled user dll's ...
Registered in 0.002206 seconds.
Begin MonoManager ReloadAssembly
Native extension for WindowsStandalone target not found
Native extension for WebGL target not found
Refreshing native plugins compatible for Editor in 0.42 ms, found 0 plugins.
Preloading 0 native plugins for Editor in 0.00 ms.
Mono: successfully reloaded assembly
- Completed reload, in  0.716 seconds
Platform modules already initialized, skipping
Refreshing native plugins compatible for Editor in 0.49 ms, found 0 plugins.
Preloading 0 native plugins for Editor in 0.00 ms.
Unloading 1652 Unused Serialized files (Serialized files now loaded: 0)
System memory in use before: 74.6 MB.
System memory in use after: 74.7 MB.

Unloading 19 unused Assets to reduce memory usage. Loaded Objects now: 2131.
Total: 4.197200 ms (FindLiveObjects: 0.269700 ms CreateObjectMapping: 0.104500 ms MarkObjects: 3.805800 ms  DeleteObjects: 0.015900 ms)

========================================================================
Received Prepare
Registering precompiled user dll's ...
Registered in 0.001196 seconds.
Begin MonoManager ReloadAssembly
Native extension for WindowsStandalone target not found
Native extension for WebGL target not found
Refreshing native plugins compatible for Editor in 0.39 ms, found 0 plugins.
Preloading 0 native plugins for Editor in 0.00 ms.
Mono: successfully reloaded assembly
- Completed reload, in  0.717 seconds
Platform modules already initialized, skipping
Refreshing native plugins compatible for Editor in 0.53 ms, found 0 plugins.
Preloading 0 native plugins for Editor in 0.00 ms.
Unloading 1652 Unused Serialized files (Serialized files now loaded: 0)
System memory in use before: 74.6 MB.
System memory in use after: 74.8 MB.

Unloading 19 unused Assets to reduce memory usage. Loaded Objects now: 2134.
Total: 5.265900 ms (FindLiveObjects: 0.209400 ms CreateObjectMapping: 0.042000 ms MarkObjects: 4.986300 ms  DeleteObjects: 0.027300 ms)

========================================================================
Received Import Request.
  Time since last request: 20262.596372 seconds.
  path: Assets/Editor/ComponentSearchProvider.cs
  artifactKey: Guid(f86dab059eeff33448a625233d3d3ede) Importer(815301076,1909f56bfc062723c751e8b465ee728b)
Start importing Assets/Editor/ComponentSearchProvider.cs using Guid(f86dab059eeff33448a625233d3d3ede) Importer(815301076,1909f56bfc062723c751e8b465ee728b)  -> (artifact id: '4ba37fd93dd6e9f1329a0760ab0197c0') in 0.062626 seconds
  Import took 0.101418 seconds .

========================================================================
Received Prepare
Registering precompiled user dll's ...
Registered in 0.002210 seconds.
Begin MonoManager ReloadAssembly
Native extension for WindowsStandalone target not found
Native extension for WebGL target not found
Refreshing native plugins compatible for Editor in 0.43 ms, found 0 plugins.
Preloading 0 native plugins for Editor in 0.00 ms.
Mono: successfully reloaded assembly
- Completed reload, in  0.779 seconds
Platform modules already initialized, skipping
Refreshing native plugins compatible for Editor in 0.74 ms, found 0 plugins.
Preloading 0 native plugins for Editor in 0.00 ms.
Unloading 1653 Unused Serialized files (Serialized files now loaded: 0)
System memory in use before: 74.7 MB.
System memory in use after: 74.8 MB.

Unloading 19 unused Assets to reduce memory usage. Loaded Objects now: 2138.
Total: 6.439500 ms (FindLiveObjects: 0.209600 ms CreateObjectMapping: 0.053600 ms MarkObjects: 6.156300 ms  DeleteObjects: 0.018900 ms)

========================================================================
Received Prepare
Registering precompiled user dll's ...
Registered in 0.001227 seconds.
Begin MonoManager ReloadAssembly
Native extension for WindowsStandalone target not found
Native extension for WebGL target not found
Refreshing native plugins compatible for Editor in 0.40 ms, found 0 plugins.
Preloading 0 native plugins for Editor in 0.00 ms.
Mono: successfully reloaded assembly
- Completed reload, in  0.632 seconds
Platform modules already initialized, skipping
Refreshing native plugins compatible for Editor in 0.40 ms, found 0 plugins.
Preloading 0 native plugins for Editor in 0.00 ms.
Unloading 1653 Unused Serialized files (Serialized files now loaded: 0)
System memory in use before: 74.7 MB.
System memory in use after: 74.8 MB.

Unloading 19 unused Assets to reduce memory usage. Loaded Objects now: 2141.
Total: 4.016200 ms (FindLiveObjects: 0.182800 ms CreateObjectMapping: 0.053500 ms MarkObjects: 3.762400 ms  DeleteObjects: 0.016700 ms)

========================================================================
Received Prepare
Registering precompiled user dll's ...
Registered in 0.001456 seconds.
Begin MonoManager ReloadAssembly
Native extension for WindowsStandalone target not found
Native extension for WebGL target not found
Refreshing native plugins compatible for Editor in 0.40 ms, found 0 plugins.
Preloading 0 native plugins for Editor in 0.00 ms.
Mono: successfully reloaded assembly
- Completed reload, in  0.731 seconds
Platform modules already initialized, skipping
Refreshing native plugins compatible for Editor in 0.39 ms, found 0 plugins.
Preloading 0 native plugins for Editor in 0.00 ms.
Unloading 1653 Unused Serialized files (Serialized files now loaded: 0)
System memory in use before: 74.7 MB.
System memory in use after: 74.8 MB.

Unloading 19 unused Assets to reduce memory usage. Loaded Objects now: 2144.
Total: 4.632700 ms (FindLiveObjects: 0.210700 ms CreateObjectMapping: 0.060900 ms MarkObjects: 4.330000 ms  DeleteObjects: 0.029600 ms)

========================================================================
Received Prepare
Registering precompiled user dll's ...
Registered in 0.001252 seconds.
Begin MonoManager ReloadAssembly
Native extension for WindowsStandalone target not found
Native extension for WebGL target not found
Refreshing native plugins compatible for Editor in 0.40 ms, found 0 plugins.
Preloading 0 native plugins for Editor in 0.00 ms.
Mono: successfully reloaded assembly
- Completed reload, in  0.648 seconds
Platform modules already initialized, skipping
Refreshing native plugins compatible for Editor in 0.39 ms, found 0 plugins.
Preloading 0 native plugins for Editor in 0.00 ms.
Unloading 1653 Unused Serialized files (Serialized files now loaded: 0)
System memory in use before: 74.7 MB.
System memory in use after: 74.8 MB.

Unloading 19 unused Assets to reduce memory usage. Loaded Objects now: 2147.
Total: 3.850400 ms (FindLiveObjects: 0.218500 ms CreateObjectMapping: 0.033700 ms MarkObjects: 3.583000 ms  DeleteObjects: 0.014100 ms)

========================================================================
Received Prepare
Registering precompiled user dll's ...
Registered in 0.001205 seconds.
Begin MonoManager ReloadAssembly
Native extension for WindowsStandalone target not found
Native extension for WebGL target not found
Refreshing native plugins compatible for Editor in 0.40 ms, found 0 plugins.
Preloading 0 native plugins for Editor in 0.00 ms.
Mono: successfully reloaded assembly
- Completed reload, in  0.635 seconds
Platform modules already initialized, skipping
Refreshing native plugins compatible for Editor in 0.40 ms, found 0 plugins.
Preloading 0 native plugins for Editor in 0.00 ms.
Unloading 1653 Unused Serialized files (Serialized files now loaded: 0)
System memory in use before: 74.7 MB.
System memory in use after: 74.8 MB.

Unloading 19 unused Assets to reduce memory usage. Loaded Objects now: 2150.
Total: 3.907000 ms (FindLiveObjects: 0.184700 ms CreateObjectMapping: 0.040100 ms MarkObjects: 3.667500 ms  DeleteObjects: 0.013700 ms)

